{"D:\\Education\\selfmade\\eshop\\server\\middleware\\authMiddleware.ts": {"path":"D:\\Education\\selfmade\\eshop\\server\\middleware\\authMiddleware.ts","statementMap":{"0":{"start":{"line":2,"column":0},"end":{"line":2,"column":50}},"1":{"start":{"line":3,"column":0},"end":{"line":3,"column":37}},"2":{"start":{"line":5,"column":30},"end":{"line":61,"column":1}},"3":{"start":{"line":6,"column":4},"end":{"line":8,"column":5}},"4":{"start":{"line":7,"column":8},"end":{"line":7,"column":null}},"5":{"start":{"line":10,"column":4},"end":{"line":59,"column":5}},"6":{"start":{"line":11,"column":22},"end":{"line":11,"column":62}},"7":{"start":{"line":13,"column":8},"end":{"line":26,"column":9}},"8":{"start":{"line":14,"column":12},"end":{"line":17,"column":null}},"9":{"start":{"line":19,"column":12},"end":{"line":25,"column":null}},"10":{"start":{"line":27,"column":24},"end":{"line":27,"column":63}},"11":{"start":{"line":29,"column":8},"end":{"line":42,"column":9}},"12":{"start":{"line":30,"column":12},"end":{"line":33,"column":null}},"13":{"start":{"line":35,"column":12},"end":{"line":41,"column":null}},"14":{"start":{"line":43,"column":8},"end":{"line":43,"column":null}},"15":{"start":{"line":44,"column":8},"end":{"line":44,"column":null}},"16":{"start":{"line":46,"column":8},"end":{"line":50,"column":null}},"17":{"start":{"line":52,"column":8},"end":{"line":58,"column":null}},"18":{"start":{"line":5,"column":13},"end":{"line":5,"column":30}}},"fnMap":{"0":{"name":"(anonymous_1)","decl":{"start":{"line":5,"column":30},"end":{"line":5,"column":31}},"loc":{"start":{"line":5,"column":82},"end":{"line":61,"column":1}}}},"branchMap":{"0":{"loc":{"start":{"line":6,"column":4},"end":{"line":8,"column":5}},"type":"if","locations":[{"start":{"line":6,"column":4},"end":{"line":8,"column":5}},{"start":{},"end":{}}]},"1":{"loc":{"start":{"line":13,"column":8},"end":{"line":26,"column":9}},"type":"if","locations":[{"start":{"line":13,"column":8},"end":{"line":26,"column":9}},{"start":{},"end":{}}]},"2":{"loc":{"start":{"line":29,"column":8},"end":{"line":42,"column":9}},"type":"if","locations":[{"start":{"line":29,"column":8},"end":{"line":42,"column":9}},{"start":{},"end":{}}]},"3":{"loc":{"start":{"line":47,"column":19},"end":{"line":47,"column":67}},"type":"cond-expr","locations":[{"start":{"line":47,"column":40},"end":{"line":47,"column":49}},{"start":{"line":47,"column":52},"end":{"line":47,"column":67}}]}},"s":{"0":1,"1":1,"2":1,"3":4,"4":1,"5":3,"6":3,"7":3,"8":1,"9":1,"10":2,"11":2,"12":1,"13":1,"14":1,"15":1,"16":0,"17":0,"18":1},"f":{"0":4},"b":{"0":[1,3],"1":[1,2],"2":[1,1],"3":[0,0]}}
,"D:\\Education\\selfmade\\eshop\\server\\middleware\\errorMiddleware.ts": {"path":"D:\\Education\\selfmade\\eshop\\server\\middleware\\errorMiddleware.ts","statementMap":{"0":{"start":{"line":2,"column":0},"end":{"line":2,"column":41}},"1":{"start":{"line":3,"column":0},"end":{"line":3,"column":37}},"2":{"start":{"line":5,"column":28},"end":{"line":55,"column":1}},"3":{"start":{"line":7,"column":4},"end":{"line":22,"column":5}},"4":{"start":{"line":8,"column":8},"end":{"line":12,"column":null}},"5":{"start":{"line":14,"column":8},"end":{"line":21,"column":null}},"6":{"start":{"line":23,"column":4},"end":{"line":39,"column":5}},"7":{"start":{"line":24,"column":8},"end":{"line":29,"column":null}},"8":{"start":{"line":31,"column":8},"end":{"line":38,"column":null}},"9":{"start":{"line":41,"column":4},"end":{"line":45,"column":null}},"10":{"start":{"line":47,"column":4},"end":{"line":54,"column":null}},"11":{"start":{"line":5,"column":13},"end":{"line":5,"column":28}}},"fnMap":{"0":{"name":"(anonymous_1)","decl":{"start":{"line":5,"column":28},"end":{"line":5,"column":29}},"loc":{"start":{"line":5,"column":92},"end":{"line":55,"column":1}}}},"branchMap":{"0":{"loc":{"start":{"line":7,"column":4},"end":{"line":22,"column":5}},"type":"if","locations":[{"start":{"line":7,"column":4},"end":{"line":22,"column":5}},{"start":{},"end":{}}]},"1":{"loc":{"start":{"line":23,"column":4},"end":{"line":39,"column":5}},"type":"if","locations":[{"start":{"line":23,"column":4},"end":{"line":39,"column":5}},{"start":{},"end":{}}]}},"s":{"0":1,"1":1,"2":1,"3":3,"4":1,"5":1,"6":2,"7":1,"8":1,"9":1,"10":1,"11":1},"f":{"0":3},"b":{"0":[1,2],"1":[1,1]}}
,"D:\\Education\\selfmade\\eshop\\server\\middleware\\loggingMiddleware.ts": {"path":"D:\\Education\\selfmade\\eshop\\server\\middleware\\loggingMiddleware.ts","statementMap":{"0":{"start":{"line":2,"column":0},"end":{"line":2,"column":28}},"1":{"start":{"line":3,"column":0},"end":{"line":3,"column":38}},"2":{"start":{"line":4,"column":0},"end":{"line":4,"column":48}},"3":{"start":{"line":6,"column":21},"end":{"line":6,"column":84}},"4":{"start":{"line":8,"column":13},"end":{"line":13,"column":3}},"5":{"start":{"line":11,"column":8},"end":{"line":11,"column":78}},"6":{"start":{"line":15,"column":27},"end":{"line":26,"column":1}},"7":{"start":{"line":16,"column":4},"end":{"line":23,"column":7}},"8":{"start":{"line":25,"column":4},"end":{"line":25,"column":14}},"9":{"start":{"line":15,"column":13},"end":{"line":15,"column":27}},"10":{"start":{"line":28,"column":30},"end":{"line":31,"column":1}},"11":{"start":{"line":29,"column":4},"end":{"line":29,"column":67}},"12":{"start":{"line":30,"column":4},"end":{"line":30,"column":11}},"13":{"start":{"line":28,"column":13},"end":{"line":28,"column":30}}},"fnMap":{"0":{"name":"(anonymous_1)","decl":{"start":{"line":10,"column":10},"end":{"line":10,"column":11}},"loc":{"start":{"line":10,"column":42},"end":{"line":12,"column":5}}},"1":{"name":"(anonymous_2)","decl":{"start":{"line":15,"column":27},"end":{"line":15,"column":28}},"loc":{"start":{"line":15,"column":97},"end":{"line":26,"column":1}}},"2":{"name":"(anonymous_3)","decl":{"start":{"line":28,"column":30},"end":{"line":28,"column":31}},"loc":{"start":{"line":28,"column":88},"end":{"line":31,"column":1}}}},"branchMap":{"0":{"loc":{"start":{"line":11,"column":15},"end":{"line":11,"column":77}},"type":"binary-expr","locations":[{"start":{"line":11,"column":15},"end":{"line":11,"column":52}},{"start":{"line":11,"column":56},"end":{"line":11,"column":77}}]}},"s":{"0":0,"1":0,"2":0,"3":0,"4":0,"5":0,"6":0,"7":0,"8":0,"9":0,"10":0,"11":0,"12":0,"13":0},"f":{"0":0,"1":0,"2":0},"b":{"0":[0,0]}}
,"D:\\Education\\selfmade\\eshop\\server\\middleware\\roleMiddleware.ts": {"path":"D:\\Education\\selfmade\\eshop\\server\\middleware\\roleMiddleware.ts","statementMap":{"0":{"start":{"line":34,"column":0},"end":{"line":34,"column":16}},"1":{"start":{"line":2,"column":0},"end":{"line":2,"column":51}},"2":{"start":{"line":4,"column":0},"end":{"line":4,"column":38}},"3":{"start":{"line":14,"column":13},"end":{"line":19,"column":11}},"4":{"start":{"line":23,"column":23},"end":{"line":28,"column":2}},"5":{"start":{"line":30,"column":27},"end":{"line":32,"column":1}},"6":{"start":{"line":31,"column":4},"end":{"line":31,"column":null}},"7":{"start":{"line":30,"column":13},"end":{"line":30,"column":27}},"8":{"start":{"line":38,"column":4},"end":{"line":38,"column":null}},"9":{"start":{"line":45,"column":4},"end":{"line":45,"column":93}},"10":{"start":{"line":48,"column":25},"end":{"line":100,"column":1}},"11":{"start":{"line":49,"column":4},"end":{"line":99,"column":null}},"12":{"start":{"line":50,"column":8},"end":{"line":52,"column":9}},"13":{"start":{"line":51,"column":12},"end":{"line":51,"column":null}},"14":{"start":{"line":53,"column":8},"end":{"line":98,"column":9}},"15":{"start":{"line":54,"column":12},"end":{"line":57,"column":null}},"16":{"start":{"line":59,"column":26},"end":{"line":59,"column":66}},"17":{"start":{"line":60,"column":12},"end":{"line":68,"column":13}},"18":{"start":{"line":61,"column":16},"end":{"line":65,"column":null}},"19":{"start":{"line":67,"column":16},"end":{"line":67,"column":null}},"20":{"start":{"line":69,"column":28},"end":{"line":69,"column":67}},"21":{"start":{"line":70,"column":12},"end":{"line":78,"column":13}},"22":{"start":{"line":71,"column":16},"end":{"line":75,"column":null}},"23":{"start":{"line":77,"column":16},"end":{"line":77,"column":null}},"24":{"start":{"line":79,"column":12},"end":{"line":87,"column":13}},"25":{"start":{"line":80,"column":16},"end":{"line":84,"column":null}},"26":{"start":{"line":86,"column":16},"end":{"line":86,"column":null}},"27":{"start":{"line":88,"column":12},"end":{"line":88,"column":null}},"28":{"start":{"line":89,"column":12},"end":{"line":89,"column":null}},"29":{"start":{"line":91,"column":12},"end":{"line":95,"column":null}},"30":{"start":{"line":97,"column":12},"end":{"line":97,"column":null}},"31":{"start":{"line":48,"column":13},"end":{"line":48,"column":25}},"32":{"start":{"line":102,"column":29},"end":{"line":154,"column":1}},"33":{"start":{"line":103,"column":4},"end":{"line":153,"column":null}},"34":{"start":{"line":104,"column":8},"end":{"line":106,"column":9}},"35":{"start":{"line":105,"column":12},"end":{"line":105,"column":null}},"36":{"start":{"line":107,"column":8},"end":{"line":152,"column":9}},"37":{"start":{"line":108,"column":12},"end":{"line":111,"column":null}},"38":{"start":{"line":113,"column":26},"end":{"line":113,"column":66}},"39":{"start":{"line":114,"column":12},"end":{"line":122,"column":13}},"40":{"start":{"line":115,"column":16},"end":{"line":119,"column":null}},"41":{"start":{"line":121,"column":16},"end":{"line":121,"column":null}},"42":{"start":{"line":123,"column":28},"end":{"line":123,"column":67}},"43":{"start":{"line":124,"column":12},"end":{"line":132,"column":13}},"44":{"start":{"line":125,"column":16},"end":{"line":129,"column":null}},"45":{"start":{"line":131,"column":16},"end":{"line":131,"column":null}},"46":{"start":{"line":133,"column":12},"end":{"line":141,"column":13}},"47":{"start":{"line":134,"column":16},"end":{"line":138,"column":null}},"48":{"start":{"line":140,"column":16},"end":{"line":140,"column":null}},"49":{"start":{"line":142,"column":12},"end":{"line":142,"column":null}},"50":{"start":{"line":143,"column":12},"end":{"line":143,"column":null}},"51":{"start":{"line":145,"column":12},"end":{"line":149,"column":null}},"52":{"start":{"line":151,"column":12},"end":{"line":151,"column":null}},"53":{"start":{"line":102,"column":13},"end":{"line":102,"column":29}}},"fnMap":{"0":{"name":"(anonymous_1)","decl":{"start":{"line":30,"column":27},"end":{"line":30,"column":28}},"loc":{"start":{"line":30,"column":44},"end":{"line":32,"column":1}}},"1":{"name":"isGreaterRole","decl":{"start":{"line":34,"column":16},"end":{"line":34,"column":29}},"loc":{"start":{"line":36,"column":20},"end":{"line":39,"column":1}}},"2":{"name":"hasRequiredRole","decl":{"start":{"line":41,"column":9},"end":{"line":41,"column":24}},"loc":{"start":{"line":43,"column":22},"end":{"line":46,"column":1}}},"3":{"name":"(anonymous_4)","decl":{"start":{"line":48,"column":25},"end":{"line":48,"column":26}},"loc":{"start":{"line":48,"column":40},"end":{"line":100,"column":1}}},"4":{"name":"(anonymous_5)","decl":{"start":{"line":49,"column":11},"end":{"line":49,"column":21}},"loc":{"start":{"line":49,"column":68},"end":{"line":99,"column":5}}},"5":{"name":"(anonymous_6)","decl":{"start":{"line":102,"column":29},"end":{"line":102,"column":30}},"loc":{"start":{"line":102,"column":44},"end":{"line":154,"column":1}}},"6":{"name":"(anonymous_7)","decl":{"start":{"line":103,"column":11},"end":{"line":103,"column":21}},"loc":{"start":{"line":103,"column":68},"end":{"line":153,"column":5}}}},"branchMap":{"0":{"loc":{"start":{"line":45,"column":11},"end":{"line":45,"column":92}},"type":"binary-expr","locations":[{"start":{"line":45,"column":11},"end":{"line":45,"column":32}},{"start":{"line":45,"column":36},"end":{"line":45,"column":92}}]},"1":{"loc":{"start":{"line":50,"column":8},"end":{"line":52,"column":9}},"type":"if","locations":[{"start":{"line":50,"column":8},"end":{"line":52,"column":9}},{"start":{},"end":{}}]},"2":{"loc":{"start":{"line":60,"column":12},"end":{"line":68,"column":13}},"type":"if","locations":[{"start":{"line":60,"column":12},"end":{"line":68,"column":13}},{"start":{},"end":{}}]},"3":{"loc":{"start":{"line":70,"column":12},"end":{"line":78,"column":13}},"type":"if","locations":[{"start":{"line":70,"column":12},"end":{"line":78,"column":13}},{"start":{},"end":{}}]},"4":{"loc":{"start":{"line":79,"column":12},"end":{"line":87,"column":13}},"type":"if","locations":[{"start":{"line":79,"column":12},"end":{"line":87,"column":13}},{"start":{},"end":{}}]},"5":{"loc":{"start":{"line":92,"column":23},"end":{"line":92,"column":71}},"type":"cond-expr","locations":[{"start":{"line":92,"column":44},"end":{"line":92,"column":53}},{"start":{"line":92,"column":56},"end":{"line":92,"column":71}}]},"6":{"loc":{"start":{"line":104,"column":8},"end":{"line":106,"column":9}},"type":"if","locations":[{"start":{"line":104,"column":8},"end":{"line":106,"column":9}},{"start":{},"end":{}}]},"7":{"loc":{"start":{"line":114,"column":12},"end":{"line":122,"column":13}},"type":"if","locations":[{"start":{"line":114,"column":12},"end":{"line":122,"column":13}},{"start":{},"end":{}}]},"8":{"loc":{"start":{"line":124,"column":12},"end":{"line":132,"column":13}},"type":"if","locations":[{"start":{"line":124,"column":12},"end":{"line":132,"column":13}},{"start":{},"end":{}}]},"9":{"loc":{"start":{"line":133,"column":12},"end":{"line":141,"column":13}},"type":"if","locations":[{"start":{"line":133,"column":12},"end":{"line":141,"column":13}},{"start":{},"end":{}}]},"10":{"loc":{"start":{"line":146,"column":23},"end":{"line":146,"column":71}},"type":"cond-expr","locations":[{"start":{"line":146,"column":44},"end":{"line":146,"column":53}},{"start":{"line":146,"column":56},"end":{"line":146,"column":71}}]}},"s":{"0":4,"1":4,"2":4,"3":4,"4":4,"5":4,"6":5,"7":4,"8":8,"9":2,"10":4,"11":5,"12":5,"13":1,"14":4,"15":4,"16":4,"17":4,"18":1,"19":1,"20":3,"21":3,"22":1,"23":1,"24":2,"25":1,"26":1,"27":1,"28":1,"29":0,"30":0,"31":4,"32":4,"33":2,"34":2,"35":0,"36":2,"37":2,"38":2,"39":2,"40":0,"41":0,"42":2,"43":2,"44":0,"45":0,"46":2,"47":1,"48":1,"49":1,"50":1,"51":0,"52":0,"53":4},"f":{"0":5,"1":8,"2":2,"3":5,"4":5,"5":2,"6":2},"b":{"0":[2,2],"1":[1,4],"2":[1,3],"3":[1,2],"4":[1,1],"5":[0,0],"6":[0,2],"7":[0,2],"8":[0,2],"9":[1,1],"10":[0,0]}}
,"D:\\Education\\selfmade\\eshop\\server\\service\\brandService.ts": {"path":"D:\\Education\\selfmade\\eshop\\server\\service\\brandService.ts","statementMap":{"0":{"start":{"line":1,"column":0},"end":{"line":1,"column":57}},"1":{"start":{"line":2,"column":0},"end":{"line":2,"column":48}},"2":{"start":{"line":3,"column":0},"end":{"line":3,"column":43}},"3":{"start":{"line":4,"column":0},"end":{"line":4,"column":41}},"4":{"start":{"line":5,"column":0},"end":{"line":5,"column":42}},"5":{"start":{"line":9,"column":8},"end":{"line":17,"column":9}},"6":{"start":{"line":10,"column":27},"end":{"line":10,"column":48}},"7":{"start":{"line":12,"column":30},"end":{"line":12,"column":70}},"8":{"start":{"line":12,"column":50},"end":{"line":12,"column":69}},"9":{"start":{"line":14,"column":12},"end":{"line":14,"column":null}},"10":{"start":{"line":16,"column":12},"end":{"line":16,"column":null}},"11":{"start":{"line":21,"column":8},"end":{"line":31,"column":9}},"12":{"start":{"line":22,"column":26},"end":{"line":22,"column":50}},"13":{"start":{"line":24,"column":12},"end":{"line":26,"column":13}},"14":{"start":{"line":25,"column":16},"end":{"line":25,"column":null}},"15":{"start":{"line":28,"column":12},"end":{"line":28,"column":null}},"16":{"start":{"line":30,"column":12},"end":{"line":30,"column":null}},"17":{"start":{"line":35,"column":8},"end":{"line":41,"column":9}},"18":{"start":{"line":36,"column":26},"end":{"line":36,"column":52}},"19":{"start":{"line":38,"column":12},"end":{"line":38,"column":null}},"20":{"start":{"line":40,"column":12},"end":{"line":40,"column":null}},"21":{"start":{"line":45,"column":8},"end":{"line":49,"column":9}},"22":{"start":{"line":46,"column":12},"end":{"line":46,"column":null}},"23":{"start":{"line":48,"column":12},"end":{"line":48,"column":null}},"24":{"start":{"line":53,"column":8},"end":{"line":68,"column":9}},"25":{"start":{"line":54,"column":12},"end":{"line":65,"column":null}},"26":{"start":{"line":55,"column":30},"end":{"line":55,"column":72}},"27":{"start":{"line":57,"column":16},"end":{"line":59,"column":17}},"28":{"start":{"line":58,"column":20},"end":{"line":58,"column":null}},"29":{"start":{"line":61,"column":16},"end":{"line":61,"column":null}},"30":{"start":{"line":62,"column":16},"end":{"line":62,"column":null}},"31":{"start":{"line":64,"column":16},"end":{"line":64,"column":null}},"32":{"start":{"line":67,"column":12},"end":{"line":67,"column":null}},"33":{"start":{"line":72,"column":0},"end":{"line":72,"column":null}}},"fnMap":{"0":{"name":"(anonymous_1)","decl":{"start":{"line":8,"column":4},"end":{"line":8,"column":9}},"loc":{"start":{"line":8,"column":16},"end":{"line":18,"column":5}}},"1":{"name":"(anonymous_2)","decl":{"start":{"line":12,"column":41},"end":{"line":12,"column":46}},"loc":{"start":{"line":12,"column":50},"end":{"line":12,"column":69}}},"2":{"name":"(anonymous_3)","decl":{"start":{"line":20,"column":4},"end":{"line":20,"column":9}},"loc":{"start":{"line":20,"column":27},"end":{"line":32,"column":5}}},"3":{"name":"(anonymous_4)","decl":{"start":{"line":34,"column":4},"end":{"line":34,"column":9}},"loc":{"start":{"line":34,"column":29},"end":{"line":42,"column":5}}},"4":{"name":"(anonymous_5)","decl":{"start":{"line":44,"column":4},"end":{"line":44,"column":9}},"loc":{"start":{"line":44,"column":27},"end":{"line":50,"column":5}}},"5":{"name":"(anonymous_6)","decl":{"start":{"line":52,"column":4},"end":{"line":52,"column":9}},"loc":{"start":{"line":52,"column":45},"end":{"line":69,"column":5}}},"6":{"name":"(anonymous_7)","decl":{"start":{"line":54,"column":47},"end":{"line":54,"column":52}},"loc":{"start":{"line":54,"column":59},"end":{"line":65,"column":13}}}},"branchMap":{"0":{"loc":{"start":{"line":24,"column":12},"end":{"line":26,"column":13}},"type":"if","locations":[{"start":{"line":24,"column":12},"end":{"line":26,"column":13}},{"start":{},"end":{}}]},"1":{"loc":{"start":{"line":57,"column":16},"end":{"line":59,"column":17}},"type":"if","locations":[{"start":{"line":57,"column":16},"end":{"line":59,"column":17}},{"start":{},"end":{}}]}},"s":{"0":1,"1":1,"2":1,"3":1,"4":1,"5":2,"6":2,"7":1,"8":2,"9":1,"10":1,"11":3,"12":3,"13":2,"14":1,"15":1,"16":2,"17":1,"18":1,"19":1,"20":0,"21":2,"22":2,"23":1,"24":3,"25":3,"26":3,"27":2,"28":1,"29":1,"30":1,"31":1,"32":2,"33":1},"f":{"0":2,"1":2,"2":3,"3":1,"4":2,"5":3,"6":3},"b":{"0":[1,1],"1":[1,1]}}
,"D:\\Education\\selfmade\\eshop\\server\\service\\deviceService.ts": {"path":"D:\\Education\\selfmade\\eshop\\server\\service\\deviceService.ts","statementMap":{"0":{"start":{"line":1,"column":0},"end":{"line":1,"column":24}},"1":{"start":{"line":2,"column":0},"end":{"line":2,"column":42}},"2":{"start":{"line":3,"column":0},"end":{"line":3,"column":88}},"3":{"start":{"line":4,"column":0},"end":{"line":4,"column":28}},"4":{"start":{"line":5,"column":0},"end":{"line":5,"column":31}},"5":{"start":{"line":6,"column":0},"end":{"line":6,"column":33}},"6":{"start":{"line":8,"column":0},"end":{"line":8,"column":58}},"7":{"start":{"line":9,"column":0},"end":{"line":9,"column":43}},"8":{"start":{"line":10,"column":0},"end":{"line":10,"column":45}},"9":{"start":{"line":11,"column":0},"end":{"line":11,"column":38}},"10":{"start":{"line":30,"column":8},"end":{"line":123,"column":9}},"11":{"start":{"line":31,"column":31},"end":{"line":31,"column":43}},"12":{"start":{"line":32,"column":32},"end":{"line":32,"column":45}},"13":{"start":{"line":33,"column":27},"end":{"line":33,"column":65}},"14":{"start":{"line":35,"column":12},"end":{"line":115,"column":13}},"15":{"start":{"line":36,"column":16},"end":{"line":53,"column":null}},"16":{"start":{"line":54,"column":19},"end":{"line":115,"column":13}},"17":{"start":{"line":55,"column":16},"end":{"line":73,"column":null}},"18":{"start":{"line":74,"column":19},"end":{"line":115,"column":13}},"19":{"start":{"line":75,"column":16},"end":{"line":93,"column":null}},"20":{"start":{"line":95,"column":16},"end":{"line":114,"column":null}},"21":{"start":{"line":117,"column":12},"end":{"line":120,"column":null}},"22":{"start":{"line":118,"column":49},"end":{"line":118,"column":70}},"23":{"start":{"line":122,"column":12},"end":{"line":122,"column":null}},"24":{"start":{"line":127,"column":8},"end":{"line":145,"column":9}},"25":{"start":{"line":128,"column":27},"end":{"line":136,"column":14}},"26":{"start":{"line":138,"column":12},"end":{"line":140,"column":13}},"27":{"start":{"line":139,"column":16},"end":{"line":139,"column":null}},"28":{"start":{"line":142,"column":12},"end":{"line":142,"column":null}},"29":{"start":{"line":144,"column":12},"end":{"line":144,"column":null}},"30":{"start":{"line":149,"column":8},"end":{"line":212,"column":9}},"31":{"start":{"line":150,"column":12},"end":{"line":209,"column":null}},"32":{"start":{"line":151,"column":31},"end":{"line":157,"column":36}},"33":{"start":{"line":159,"column":16},"end":{"line":161,"column":17}},"34":{"start":{"line":160,"column":20},"end":{"line":160,"column":null}},"35":{"start":{"line":163,"column":35},"end":{"line":163,"column":67}},"36":{"start":{"line":164,"column":16},"end":{"line":170,"column":null}},"37":{"start":{"line":165,"column":20},"end":{"line":169,"column":null}},"38":{"start":{"line":172,"column":34},"end":{"line":172,"column":89}},"39":{"start":{"line":173,"column":16},"end":{"line":173,"column":63}},"40":{"start":{"line":175,"column":16},"end":{"line":196,"column":17}},"41":{"start":{"line":175,"column":29},"end":{"line":175,"column":30}},"42":{"start":{"line":176,"column":34},"end":{"line":176,"column":43}},"43":{"start":{"line":178,"column":20},"end":{"line":180,"column":21}},"44":{"start":{"line":179,"column":24},"end":{"line":179,"column":null}},"45":{"start":{"line":182,"column":42},"end":{"line":182,"column":66}},"46":{"start":{"line":183,"column":37},"end":{"line":183,"column":67}},"47":{"start":{"line":184,"column":37},"end":{"line":184,"column":67}},"48":{"start":{"line":186,"column":20},"end":{"line":186,"column":61}},"49":{"start":{"line":188,"column":37},"end":{"line":188,"column":79}},"50":{"start":{"line":190,"column":20},"end":{"line":195,"column":41}},"51":{"start":{"line":198,"column":44},"end":{"line":206,"column":18}},"52":{"start":{"line":208,"column":16},"end":{"line":208,"column":null}},"53":{"start":{"line":211,"column":12},"end":{"line":211,"column":null}},"54":{"start":{"line":216,"column":8},"end":{"line":346,"column":9}},"55":{"start":{"line":217,"column":12},"end":{"line":343,"column":null}},"56":{"start":{"line":219,"column":31},"end":{"line":222,"column":18}},"57":{"start":{"line":224,"column":16},"end":{"line":226,"column":17}},"58":{"start":{"line":225,"column":20},"end":{"line":225,"column":null}},"59":{"start":{"line":228,"column":16},"end":{"line":228,"column":null}},"60":{"start":{"line":229,"column":16},"end":{"line":229,"column":null}},"61":{"start":{"line":230,"column":16},"end":{"line":230,"column":null}},"62":{"start":{"line":231,"column":16},"end":{"line":231,"column":null}},"63":{"start":{"line":232,"column":16},"end":{"line":232,"column":null}},"64":{"start":{"line":234,"column":16},"end":{"line":234,"column":null}},"65":{"start":{"line":236,"column":16},"end":{"line":279,"column":17}},"66":{"start":{"line":237,"column":39},"end":{"line":237,"column":71}},"67":{"start":{"line":238,"column":42},"end":{"line":238,"column":44}},"68":{"start":{"line":240,"column":20},"end":{"line":268,"column":null}},"69":{"start":{"line":241,"column":24},"end":{"line":267,"column":25}},"70":{"start":{"line":242,"column":47},"end":{"line":247,"column":null}},"71":{"start":{"line":250,"column":28},"end":{"line":252,"column":29}},"72":{"start":{"line":251,"column":32},"end":{"line":251,"column":38}},"73":{"start":{"line":254,"column":28},"end":{"line":254,"column":null}},"74":{"start":{"line":255,"column":28},"end":{"line":255,"column":null}},"75":{"start":{"line":256,"column":28},"end":{"line":256,"column":null}},"76":{"start":{"line":258,"column":28},"end":{"line":258,"column":null}},"77":{"start":{"line":260,"column":47},"end":{"line":264,"column":48}},"78":{"start":{"line":266,"column":28},"end":{"line":266,"column":null}},"79":{"start":{"line":270,"column":20},"end":{"line":278,"column":null}},"80":{"start":{"line":281,"column":34},"end":{"line":281,"column":94}},"81":{"start":{"line":285,"column":37},"end":{"line":285,"column":103}},"82":{"start":{"line":287,"column":16},"end":{"line":302,"column":null}},"83":{"start":{"line":288,"column":20},"end":{"line":301,"column":21}},"84":{"start":{"line":288,"column":53},"end":{"line":288,"column":83}},"85":{"start":{"line":289,"column":40},"end":{"line":289,"column":86}},"86":{"start":{"line":290,"column":24},"end":{"line":298,"column":25}},"87":{"start":{"line":291,"column":28},"end":{"line":291,"column":null}},"88":{"start":{"line":293,"column":28},"end":{"line":297,"column":null}},"89":{"start":{"line":300,"column":24},"end":{"line":300,"column":null}},"90":{"start":{"line":304,"column":44},"end":{"line":304,"column":46}},"91":{"start":{"line":306,"column":16},"end":{"line":330,"column":17}},"92":{"start":{"line":307,"column":20},"end":{"line":329,"column":21}},"93":{"start":{"line":307,"column":33},"end":{"line":307,"column":34}},"94":{"start":{"line":308,"column":38},"end":{"line":308,"column":47}},"95":{"start":{"line":310,"column":24},"end":{"line":312,"column":25}},"96":{"start":{"line":311,"column":28},"end":{"line":311,"column":null}},"97":{"start":{"line":314,"column":46},"end":{"line":314,"column":70}},"98":{"start":{"line":315,"column":41},"end":{"line":315,"column":71}},"99":{"start":{"line":316,"column":41},"end":{"line":316,"column":71}},"100":{"start":{"line":318,"column":24},"end":{"line":318,"column":65}},"101":{"start":{"line":320,"column":41},"end":{"line":320,"column":76}},"102":{"start":{"line":321,"column":24},"end":{"line":321,"column":49}},"103":{"start":{"line":323,"column":24},"end":{"line":328,"column":45}},"104":{"start":{"line":332,"column":44},"end":{"line":340,"column":18}},"105":{"start":{"line":342,"column":16},"end":{"line":342,"column":null}},"106":{"start":{"line":345,"column":12},"end":{"line":345,"column":null}},"107":{"start":{"line":350,"column":8},"end":{"line":374,"column":9}},"108":{"start":{"line":351,"column":12},"end":{"line":371,"column":null}},"109":{"start":{"line":352,"column":16},"end":{"line":352,"column":null}},"110":{"start":{"line":353,"column":16},"end":{"line":353,"column":null}},"111":{"start":{"line":355,"column":36},"end":{"line":355,"column":102}},"112":{"start":{"line":357,"column":16},"end":{"line":370,"column":null}},"113":{"start":{"line":358,"column":36},"end":{"line":358,"column":73}},"114":{"start":{"line":359,"column":20},"end":{"line":367,"column":21}},"115":{"start":{"line":360,"column":24},"end":{"line":360,"column":null}},"116":{"start":{"line":362,"column":24},"end":{"line":366,"column":null}},"117":{"start":{"line":369,"column":20},"end":{"line":369,"column":null}},"118":{"start":{"line":373,"column":12},"end":{"line":373,"column":null}},"119":{"start":{"line":378,"column":8},"end":{"line":396,"column":9}},"120":{"start":{"line":379,"column":28},"end":{"line":386,"column":14}},"121":{"start":{"line":388,"column":31},"end":{"line":388,"column":75}},"122":{"start":{"line":388,"column":53},"end":{"line":388,"column":74}},"123":{"start":{"line":390,"column":12},"end":{"line":393,"column":null}},"124":{"start":{"line":395,"column":12},"end":{"line":395,"column":null}},"125":{"start":{"line":400,"column":0},"end":{"line":400,"column":null}}},"fnMap":{"0":{"name":"(anonymous_10)","decl":{"start":{"line":29,"column":4},"end":{"line":29,"column":9}},"loc":{"start":{"line":29,"column":116},"end":{"line":124,"column":5}}},"1":{"name":"(anonymous_11)","decl":{"start":{"line":118,"column":39},"end":{"line":118,"column":45}},"loc":{"start":{"line":118,"column":49},"end":{"line":118,"column":70}}},"2":{"name":"(anonymous_12)","decl":{"start":{"line":126,"column":4},"end":{"line":126,"column":9}},"loc":{"start":{"line":126,"column":27},"end":{"line":146,"column":5}}},"3":{"name":"(anonymous_13)","decl":{"start":{"line":148,"column":4},"end":{"line":148,"column":9}},"loc":{"start":{"line":148,"column":140},"end":{"line":213,"column":5}}},"4":{"name":"(anonymous_14)","decl":{"start":{"line":150,"column":47},"end":{"line":150,"column":52}},"loc":{"start":{"line":150,"column":59},"end":{"line":209,"column":13}}},"5":{"name":"(anonymous_15)","decl":{"start":{"line":164,"column":35},"end":{"line":164,"column":40}},"loc":{"start":{"line":164,"column":47},"end":{"line":170,"column":17}}},"6":{"name":"(anonymous_16)","decl":{"start":{"line":215,"column":4},"end":{"line":215,"column":9}},"loc":{"start":{"line":215,"column":187},"end":{"line":347,"column":5}}},"7":{"name":"(anonymous_17)","decl":{"start":{"line":217,"column":47},"end":{"line":217,"column":52}},"loc":{"start":{"line":217,"column":59},"end":{"line":343,"column":13}}},"8":{"name":"(anonymous_18)","decl":{"start":{"line":240,"column":39},"end":{"line":240,"column":44}},"loc":{"start":{"line":240,"column":49},"end":{"line":268,"column":21}}},"9":{"name":"(anonymous_19)","decl":{"start":{"line":287,"column":37},"end":{"line":287,"column":42}},"loc":{"start":{"line":287,"column":59},"end":{"line":302,"column":17}}},"10":{"name":"(anonymous_20)","decl":{"start":{"line":288,"column":41},"end":{"line":288,"column":49}},"loc":{"start":{"line":288,"column":53},"end":{"line":288,"column":83}}},"11":{"name":"(anonymous_21)","decl":{"start":{"line":349,"column":4},"end":{"line":349,"column":9}},"loc":{"start":{"line":349,"column":27},"end":{"line":375,"column":5}}},"12":{"name":"(anonymous_22)","decl":{"start":{"line":351,"column":41},"end":{"line":351,"column":46}},"loc":{"start":{"line":351,"column":53},"end":{"line":371,"column":13}}},"13":{"name":"(anonymous_23)","decl":{"start":{"line":357,"column":36},"end":{"line":357,"column":41}},"loc":{"start":{"line":357,"column":49},"end":{"line":370,"column":17}}},"14":{"name":"(anonymous_24)","decl":{"start":{"line":377,"column":4},"end":{"line":377,"column":9}},"loc":{"start":{"line":377,"column":21},"end":{"line":397,"column":5}}},"15":{"name":"(anonymous_25)","decl":{"start":{"line":388,"column":43},"end":{"line":388,"column":49}},"loc":{"start":{"line":388,"column":53},"end":{"line":388,"column":74}}}},"branchMap":{"0":{"loc":{"start":{"line":35,"column":12},"end":{"line":115,"column":13}},"type":"if","locations":[{"start":{"line":35,"column":12},"end":{"line":115,"column":13}},{"start":{"line":54,"column":19},"end":{"line":115,"column":13}}]},"1":{"loc":{"start":{"line":35,"column":16},"end":{"line":35,"column":35}},"type":"binary-expr","locations":[{"start":{"line":35,"column":16},"end":{"line":35,"column":24}},{"start":{"line":35,"column":28},"end":{"line":35,"column":35}}]},"2":{"loc":{"start":{"line":54,"column":19},"end":{"line":115,"column":13}},"type":"if","locations":[{"start":{"line":54,"column":19},"end":{"line":115,"column":13}},{"start":{"line":74,"column":19},"end":{"line":115,"column":13}}]},"3":{"loc":{"start":{"line":54,"column":23},"end":{"line":54,"column":41}},"type":"binary-expr","locations":[{"start":{"line":54,"column":23},"end":{"line":54,"column":31}},{"start":{"line":54,"column":35},"end":{"line":54,"column":41}}]},"4":{"loc":{"start":{"line":74,"column":19},"end":{"line":115,"column":13}},"type":"if","locations":[{"start":{"line":74,"column":19},"end":{"line":115,"column":13}},{"start":{"line":94,"column":19},"end":{"line":115,"column":13}}]},"5":{"loc":{"start":{"line":74,"column":23},"end":{"line":74,"column":41}},"type":"binary-expr","locations":[{"start":{"line":74,"column":23},"end":{"line":74,"column":30}},{"start":{"line":74,"column":34},"end":{"line":74,"column":41}}]},"6":{"loc":{"start":{"line":138,"column":12},"end":{"line":140,"column":13}},"type":"if","locations":[{"start":{"line":138,"column":12},"end":{"line":140,"column":13}},{"start":{},"end":{}}]},"7":{"loc":{"start":{"line":159,"column":16},"end":{"line":161,"column":17}},"type":"if","locations":[{"start":{"line":159,"column":16},"end":{"line":161,"column":17}},{"start":{},"end":{}}]},"8":{"loc":{"start":{"line":178,"column":20},"end":{"line":180,"column":21}},"type":"if","locations":[{"start":{"line":178,"column":20},"end":{"line":180,"column":21}},{"start":{},"end":{}}]},"9":{"loc":{"start":{"line":224,"column":16},"end":{"line":226,"column":17}},"type":"if","locations":[{"start":{"line":224,"column":16},"end":{"line":226,"column":17}},{"start":{},"end":{}}]},"10":{"loc":{"start":{"line":236,"column":16},"end":{"line":279,"column":17}},"type":"if","locations":[{"start":{"line":236,"column":16},"end":{"line":279,"column":17}},{"start":{},"end":{}}]},"11":{"loc":{"start":{"line":241,"column":24},"end":{"line":267,"column":25}},"type":"if","locations":[{"start":{"line":241,"column":24},"end":{"line":267,"column":25}},{"start":{"line":259,"column":31},"end":{"line":267,"column":25}}]},"12":{"loc":{"start":{"line":250,"column":28},"end":{"line":252,"column":29}},"type":"if","locations":[{"start":{"line":250,"column":28},"end":{"line":252,"column":29}},{"start":{},"end":{}}]},"13":{"loc":{"start":{"line":288,"column":20},"end":{"line":301,"column":21}},"type":"if","locations":[{"start":{"line":288,"column":20},"end":{"line":301,"column":21}},{"start":{},"end":{}}]},"14":{"loc":{"start":{"line":294,"column":39},"end":{"line":294,"column":95}},"type":"cond-expr","locations":[{"start":{"line":294,"column":64},"end":{"line":294,"column":77}},{"start":{"line":294,"column":80},"end":{"line":294,"column":95}}]},"15":{"loc":{"start":{"line":306,"column":16},"end":{"line":330,"column":17}},"type":"if","locations":[{"start":{"line":306,"column":16},"end":{"line":330,"column":17}},{"start":{},"end":{}}]},"16":{"loc":{"start":{"line":310,"column":24},"end":{"line":312,"column":25}},"type":"if","locations":[{"start":{"line":310,"column":24},"end":{"line":312,"column":25}},{"start":{},"end":{}}]},"17":{"loc":{"start":{"line":363,"column":35},"end":{"line":363,"column":91}},"type":"cond-expr","locations":[{"start":{"line":363,"column":60},"end":{"line":363,"column":73}},{"start":{"line":363,"column":76},"end":{"line":363,"column":91}}]}},"s":{"0":0,"1":0,"2":0,"3":0,"4":0,"5":0,"6":0,"7":0,"8":0,"9":0,"10":0,"11":0,"12":0,"13":0,"14":0,"15":0,"16":0,"17":0,"18":0,"19":0,"20":0,"21":0,"22":0,"23":0,"24":0,"25":0,"26":0,"27":0,"28":0,"29":0,"30":0,"31":0,"32":0,"33":0,"34":0,"35":0,"36":0,"37":0,"38":0,"39":0,"40":0,"41":0,"42":0,"43":0,"44":0,"45":0,"46":0,"47":0,"48":0,"49":0,"50":0,"51":0,"52":0,"53":0,"54":0,"55":0,"56":0,"57":0,"58":0,"59":0,"60":0,"61":0,"62":0,"63":0,"64":0,"65":0,"66":0,"67":0,"68":0,"69":0,"70":0,"71":0,"72":0,"73":0,"74":0,"75":0,"76":0,"77":0,"78":0,"79":0,"80":0,"81":0,"82":0,"83":0,"84":0,"85":0,"86":0,"87":0,"88":0,"89":0,"90":0,"91":0,"92":0,"93":0,"94":0,"95":0,"96":0,"97":0,"98":0,"99":0,"100":0,"101":0,"102":0,"103":0,"104":0,"105":0,"106":0,"107":0,"108":0,"109":0,"110":0,"111":0,"112":0,"113":0,"114":0,"115":0,"116":0,"117":0,"118":0,"119":0,"120":0,"121":0,"122":0,"123":0,"124":0,"125":0},"f":{"0":0,"1":0,"2":0,"3":0,"4":0,"5":0,"6":0,"7":0,"8":0,"9":0,"10":0,"11":0,"12":0,"13":0,"14":0,"15":0},"b":{"0":[0,0],"1":[0,0],"2":[0,0],"3":[0,0],"4":[0,0],"5":[0,0],"6":[0,0],"7":[0,0],"8":[0,0],"9":[0,0],"10":[0,0],"11":[0,0],"12":[0,0],"13":[0,0],"14":[0,0],"15":[0,0],"16":[0,0],"17":[0,0]}}
,"D:\\Education\\selfmade\\eshop\\server\\service\\mailService.ts": {"path":"D:\\Education\\selfmade\\eshop\\server\\service\\mailService.ts","statementMap":{"0":{"start":{"line":1,"column":0},"end":{"line":1,"column":35}},"1":{"start":{"line":3,"column":0},"end":{"line":3,"column":38}},"2":{"start":{"line":10,"column":8},"end":{"line":16,"column":null}},"3":{"start":{"line":20,"column":31},"end":{"line":20,"column":76}},"4":{"start":{"line":22,"column":8},"end":{"line":25,"column":9}},"5":{"start":{"line":23,"column":12},"end":{"line":23,"column":null}},"6":{"start":{"line":24,"column":12},"end":{"line":24,"column":18}},"7":{"start":{"line":27,"column":8},"end":{"line":39,"column":null}},"8":{"start":{"line":43,"column":29},"end":{"line":43,"column":73}},"9":{"start":{"line":45,"column":8},"end":{"line":48,"column":9}},"10":{"start":{"line":46,"column":12},"end":{"line":46,"column":null}},"11":{"start":{"line":47,"column":12},"end":{"line":47,"column":18}},"12":{"start":{"line":50,"column":8},"end":{"line":62,"column":null}},"13":{"start":{"line":67,"column":8},"end":{"line":70,"column":9}},"14":{"start":{"line":68,"column":12},"end":{"line":68,"column":null}},"15":{"start":{"line":69,"column":12},"end":{"line":69,"column":18}},"16":{"start":{"line":72,"column":8},"end":{"line":84,"column":null}},"17":{"start":{"line":89,"column":8},"end":{"line":92,"column":9}},"18":{"start":{"line":90,"column":12},"end":{"line":90,"column":null}},"19":{"start":{"line":91,"column":12},"end":{"line":91,"column":18}},"20":{"start":{"line":94,"column":8},"end":{"line":105,"column":null}},"21":{"start":{"line":109,"column":27},"end":{"line":109,"column":76}},"22":{"start":{"line":111,"column":8},"end":{"line":114,"column":9}},"23":{"start":{"line":112,"column":12},"end":{"line":112,"column":null}},"24":{"start":{"line":113,"column":12},"end":{"line":113,"column":18}},"25":{"start":{"line":116,"column":8},"end":{"line":128,"column":null}},"26":{"start":{"line":132,"column":0},"end":{"line":132,"column":null}}},"fnMap":{"0":{"name":"(anonymous_1)","decl":{"start":{"line":9,"column":4},"end":{"line":9,"column":null}},"loc":{"start":{"line":9,"column":4},"end":{"line":17,"column":5}}},"1":{"name":"(anonymous_2)","decl":{"start":{"line":19,"column":4},"end":{"line":19,"column":9}},"loc":{"start":{"line":19,"column":54},"end":{"line":40,"column":5}}},"2":{"name":"(anonymous_3)","decl":{"start":{"line":42,"column":4},"end":{"line":42,"column":9}},"loc":{"start":{"line":42,"column":52},"end":{"line":63,"column":5}}},"3":{"name":"(anonymous_4)","decl":{"start":{"line":65,"column":4},"end":{"line":65,"column":9}},"loc":{"start":{"line":65,"column":56},"end":{"line":85,"column":5}}},"4":{"name":"(anonymous_5)","decl":{"start":{"line":87,"column":4},"end":{"line":87,"column":9}},"loc":{"start":{"line":87,"column":44},"end":{"line":106,"column":5}}},"5":{"name":"(anonymous_6)","decl":{"start":{"line":108,"column":4},"end":{"line":108,"column":9}},"loc":{"start":{"line":108,"column":54},"end":{"line":129,"column":5}}}},"branchMap":{"0":{"loc":{"start":{"line":22,"column":8},"end":{"line":25,"column":9}},"type":"if","locations":[{"start":{"line":22,"column":8},"end":{"line":25,"column":9}},{"start":{},"end":{}}]},"1":{"loc":{"start":{"line":45,"column":8},"end":{"line":48,"column":9}},"type":"if","locations":[{"start":{"line":45,"column":8},"end":{"line":48,"column":9}},{"start":{},"end":{}}]},"2":{"loc":{"start":{"line":67,"column":8},"end":{"line":70,"column":9}},"type":"if","locations":[{"start":{"line":67,"column":8},"end":{"line":70,"column":9}},{"start":{},"end":{}}]},"3":{"loc":{"start":{"line":89,"column":8},"end":{"line":92,"column":9}},"type":"if","locations":[{"start":{"line":89,"column":8},"end":{"line":92,"column":9}},{"start":{},"end":{}}]},"4":{"loc":{"start":{"line":111,"column":8},"end":{"line":114,"column":9}},"type":"if","locations":[{"start":{"line":111,"column":8},"end":{"line":114,"column":9}},{"start":{},"end":{}}]}},"s":{"0":0,"1":0,"2":0,"3":0,"4":0,"5":0,"6":0,"7":0,"8":0,"9":0,"10":0,"11":0,"12":0,"13":0,"14":0,"15":0,"16":0,"17":0,"18":0,"19":0,"20":0,"21":0,"22":0,"23":0,"24":0,"25":0,"26":0},"f":{"0":0,"1":0,"2":0,"3":0,"4":0,"5":0},"b":{"0":[0,0],"1":[0,0],"2":[0,0],"3":[0,0],"4":[0,0]}}
,"D:\\Education\\selfmade\\eshop\\server\\service\\orderService.ts": {"path":"D:\\Education\\selfmade\\eshop\\server\\service\\orderService.ts","statementMap":{"0":{"start":{"line":1,"column":0},"end":{"line":1,"column":38}},"1":{"start":{"line":2,"column":0},"end":{"line":2,"column":42}},"2":{"start":{"line":3,"column":0},"end":{"line":3,"column":43}},"3":{"start":{"line":4,"column":0},"end":{"line":4,"column":41}},"4":{"start":{"line":5,"column":0},"end":{"line":5,"column":102}},"5":{"start":{"line":6,"column":0},"end":{"line":6,"column":65}},"6":{"start":{"line":10,"column":8},"end":{"line":77,"column":null}},"7":{"start":{"line":11,"column":27},"end":{"line":23,"column":14}},"8":{"start":{"line":25,"column":12},"end":{"line":27,"column":13}},"9":{"start":{"line":26,"column":16},"end":{"line":26,"column":null}},"10":{"start":{"line":29,"column":12},"end":{"line":31,"column":13}},"11":{"start":{"line":30,"column":16},"end":{"line":30,"column":null}},"12":{"start":{"line":33,"column":12},"end":{"line":37,"column":13}},"13":{"start":{"line":34,"column":16},"end":{"line":36,"column":17}},"14":{"start":{"line":35,"column":20},"end":{"line":35,"column":73}},"15":{"start":{"line":39,"column":26},"end":{"line":44,"column":null}},"16":{"start":{"line":47,"column":12},"end":{"line":57,"column":16}},"17":{"start":{"line":48,"column":16},"end":{"line":53,"column":37}},"18":{"start":{"line":55,"column":16},"end":{"line":55,"column":71}},"19":{"start":{"line":56,"column":16},"end":{"line":56,"column":52}},"20":{"start":{"line":59,"column":12},"end":{"line":62,"column":null}},"21":{"start":{"line":64,"column":30},"end":{"line":74,"column":14}},"22":{"start":{"line":76,"column":12},"end":{"line":76,"column":null}},"23":{"start":{"line":81,"column":23},"end":{"line":97,"column":10}},"24":{"start":{"line":99,"column":8},"end":{"line":99,"column":null}},"25":{"start":{"line":99,"column":35},"end":{"line":99,"column":54}},"26":{"start":{"line":103,"column":26},"end":{"line":116,"column":10}},"27":{"start":{"line":118,"column":27},"end":{"line":133,"column":10}},"28":{"start":{"line":135,"column":8},"end":{"line":140,"column":null}},"29":{"start":{"line":138,"column":30},"end":{"line":138,"column":59}},"30":{"start":{"line":144,"column":0},"end":{"line":144,"column":null}}},"fnMap":{"0":{"name":"(anonymous_1)","decl":{"start":{"line":9,"column":4},"end":{"line":9,"column":9}},"loc":{"start":{"line":9,"column":76},"end":{"line":78,"column":5}}},"1":{"name":"(anonymous_2)","decl":{"start":{"line":10,"column":43},"end":{"line":10,"column":48}},"loc":{"start":{"line":10,"column":55},"end":{"line":77,"column":9}}},"2":{"name":"(anonymous_3)","decl":{"start":{"line":47,"column":49},"end":{"line":47,"column":54}},"loc":{"start":{"line":47,"column":66},"end":{"line":57,"column":13}}},"3":{"name":"(anonymous_4)","decl":{"start":{"line":80,"column":4},"end":{"line":80,"column":9}},"loc":{"start":{"line":80,"column":37},"end":{"line":100,"column":5}}},"4":{"name":"(anonymous_5)","decl":{"start":{"line":99,"column":26},"end":{"line":99,"column":31}},"loc":{"start":{"line":99,"column":35},"end":{"line":99,"column":54}}},"5":{"name":"(anonymous_6)","decl":{"start":{"line":102,"column":4},"end":{"line":102,"column":9}},"loc":{"start":{"line":102,"column":18},"end":{"line":141,"column":5}}},"6":{"name":"(anonymous_7)","decl":{"start":{"line":138,"column":16},"end":{"line":138,"column":26}},"loc":{"start":{"line":138,"column":30},"end":{"line":138,"column":59}}}},"branchMap":{"0":{"loc":{"start":{"line":25,"column":12},"end":{"line":27,"column":13}},"type":"if","locations":[{"start":{"line":25,"column":12},"end":{"line":27,"column":13}},{"start":{},"end":{}}]},"1":{"loc":{"start":{"line":29,"column":12},"end":{"line":31,"column":13}},"type":"if","locations":[{"start":{"line":29,"column":12},"end":{"line":31,"column":13}},{"start":{},"end":{}}]},"2":{"loc":{"start":{"line":29,"column":16},"end":{"line":29,"column":62}},"type":"binary-expr","locations":[{"start":{"line":29,"column":16},"end":{"line":29,"column":31}},{"start":{"line":29,"column":35},"end":{"line":29,"column":62}}]},"3":{"loc":{"start":{"line":34,"column":16},"end":{"line":36,"column":17}},"type":"if","locations":[{"start":{"line":34,"column":16},"end":{"line":36,"column":17}},{"start":{},"end":{}}]}},"s":{"0":1,"1":1,"2":1,"3":1,"4":1,"5":1,"6":5,"7":5,"8":4,"9":1,"10":3,"11":1,"12":2,"13":2,"14":1,"15":1,"16":1,"17":1,"18":1,"19":1,"20":1,"21":1,"22":1,"23":2,"24":2,"25":1,"26":1,"27":1,"28":1,"29":1,"30":1},"f":{"0":5,"1":5,"2":1,"3":2,"4":1,"5":1,"6":1},"b":{"0":[1,3],"1":[1,2],"2":[3,3],"3":[1,1]}}
,"D:\\Education\\selfmade\\eshop\\server\\service\\tokenService.ts": {"path":"D:\\Education\\selfmade\\eshop\\server\\service\\tokenService.ts","statementMap":{"0":{"start":{"line":1,"column":0},"end":{"line":1,"column":51}},"1":{"start":{"line":2,"column":0},"end":{"line":2,"column":45}},"2":{"start":{"line":3,"column":0},"end":{"line":3,"column":41}},"3":{"start":{"line":5,"column":0},"end":{"line":5,"column":57}},"4":{"start":{"line":7,"column":0},"end":{"line":7,"column":48}},"5":{"start":{"line":17,"column":30},"end":{"line":17,"column":59}},"6":{"start":{"line":18,"column":29},"end":{"line":18,"column":57}},"7":{"start":{"line":20,"column":29},"end":{"line":20,"column":82}},"8":{"start":{"line":21,"column":28},"end":{"line":21,"column":81}},"9":{"start":{"line":22,"column":8},"end":{"line":22,"column":null}},"10":{"start":{"line":26,"column":8},"end":{"line":36,"column":9}},"11":{"start":{"line":27,"column":27},"end":{"line":27,"column":55}},"12":{"start":{"line":28,"column":28},"end":{"line":28,"column":69}},"13":{"start":{"line":29,"column":12},"end":{"line":33,"column":null}},"14":{"start":{"line":35,"column":12},"end":{"line":35,"column":null}},"15":{"start":{"line":40,"column":8},"end":{"line":50,"column":9}},"16":{"start":{"line":41,"column":27},"end":{"line":41,"column":56}},"17":{"start":{"line":42,"column":28},"end":{"line":42,"column":69}},"18":{"start":{"line":43,"column":12},"end":{"line":47,"column":null}},"19":{"start":{"line":49,"column":12},"end":{"line":49,"column":null}},"20":{"start":{"line":54,"column":8},"end":{"line":59,"column":9}},"21":{"start":{"line":55,"column":30},"end":{"line":55,"column":81}},"22":{"start":{"line":56,"column":12},"end":{"line":56,"column":null}},"23":{"start":{"line":58,"column":12},"end":{"line":58,"column":null}},"24":{"start":{"line":63,"column":8},"end":{"line":74,"column":9}},"25":{"start":{"line":64,"column":30},"end":{"line":64,"column":68}},"26":{"start":{"line":66,"column":12},"end":{"line":69,"column":13}},"27":{"start":{"line":67,"column":16},"end":{"line":67,"column":null}},"28":{"start":{"line":68,"column":16},"end":{"line":68,"column":null}},"29":{"start":{"line":70,"column":33},"end":{"line":70,"column":82}},"30":{"start":{"line":71,"column":12},"end":{"line":71,"column":32}},"31":{"start":{"line":73,"column":12},"end":{"line":73,"column":null}},"32":{"start":{"line":78,"column":8},"end":{"line":82,"column":9}},"33":{"start":{"line":79,"column":12},"end":{"line":79,"column":null}},"34":{"start":{"line":81,"column":12},"end":{"line":81,"column":null}},"35":{"start":{"line":86,"column":8},"end":{"line":90,"column":9}},"36":{"start":{"line":87,"column":12},"end":{"line":87,"column":null}},"37":{"start":{"line":89,"column":12},"end":{"line":89,"column":null}},"38":{"start":{"line":94,"column":0},"end":{"line":94,"column":null}}},"fnMap":{"0":{"name":"(anonymous_1)","decl":{"start":{"line":16,"column":4},"end":{"line":16,"column":15}},"loc":{"start":{"line":16,"column":30},"end":{"line":23,"column":5}}},"1":{"name":"(anonymous_2)","decl":{"start":{"line":25,"column":4},"end":{"line":25,"column":23}},"loc":{"start":{"line":25,"column":37},"end":{"line":37,"column":5}}},"2":{"name":"(anonymous_3)","decl":{"start":{"line":39,"column":4},"end":{"line":39,"column":24}},"loc":{"start":{"line":39,"column":38},"end":{"line":51,"column":5}}},"3":{"name":"(anonymous_4)","decl":{"start":{"line":53,"column":4},"end":{"line":53,"column":9}},"loc":{"start":{"line":53,"column":33},"end":{"line":60,"column":5}}},"4":{"name":"(anonymous_5)","decl":{"start":{"line":62,"column":4},"end":{"line":62,"column":9}},"loc":{"start":{"line":62,"column":49},"end":{"line":75,"column":5}}},"5":{"name":"(anonymous_6)","decl":{"start":{"line":77,"column":4},"end":{"line":77,"column":9}},"loc":{"start":{"line":77,"column":37},"end":{"line":83,"column":5}}},"6":{"name":"(anonymous_7)","decl":{"start":{"line":85,"column":4},"end":{"line":85,"column":9}},"loc":{"start":{"line":85,"column":66},"end":{"line":91,"column":5}}}},"branchMap":{"0":{"loc":{"start":{"line":66,"column":12},"end":{"line":69,"column":13}},"type":"if","locations":[{"start":{"line":66,"column":12},"end":{"line":69,"column":13}},{"start":{},"end":{}}]}},"s":{"0":3,"1":3,"2":3,"3":3,"4":3,"5":1,"6":1,"7":1,"8":1,"9":1,"10":3,"11":3,"12":3,"13":1,"14":2,"15":3,"16":3,"17":3,"18":1,"19":2,"20":1,"21":1,"22":1,"23":0,"24":2,"25":2,"26":2,"27":1,"28":1,"29":1,"30":1,"31":0,"32":1,"33":1,"34":0,"35":2,"36":2,"37":0,"38":3},"f":{"0":1,"1":3,"2":3,"3":1,"4":2,"5":1,"6":2},"b":{"0":[1,1]}}
,"D:\\Education\\selfmade\\eshop\\server\\service\\typeService.ts": {"path":"D:\\Education\\selfmade\\eshop\\server\\service\\typeService.ts","statementMap":{"0":{"start":{"line":1,"column":0},"end":{"line":1,"column":57}},"1":{"start":{"line":2,"column":0},"end":{"line":2,"column":54}},"2":{"start":{"line":3,"column":0},"end":{"line":3,"column":41}},"3":{"start":{"line":4,"column":0},"end":{"line":4,"column":41}},"4":{"start":{"line":5,"column":0},"end":{"line":5,"column":42}},"5":{"start":{"line":10,"column":8},"end":{"line":18,"column":9}},"6":{"start":{"line":11,"column":26},"end":{"line":11,"column":46}},"7":{"start":{"line":13,"column":29},"end":{"line":13,"column":65}},"8":{"start":{"line":13,"column":47},"end":{"line":13,"column":64}},"9":{"start":{"line":15,"column":12},"end":{"line":15,"column":null}},"10":{"start":{"line":17,"column":12},"end":{"line":17,"column":null}},"11":{"start":{"line":22,"column":8},"end":{"line":32,"column":9}},"12":{"start":{"line":23,"column":25},"end":{"line":23,"column":58}},"13":{"start":{"line":25,"column":12},"end":{"line":27,"column":13}},"14":{"start":{"line":26,"column":16},"end":{"line":26,"column":null}},"15":{"start":{"line":29,"column":12},"end":{"line":29,"column":null}},"16":{"start":{"line":31,"column":12},"end":{"line":31,"column":null}},"17":{"start":{"line":36,"column":8},"end":{"line":42,"column":9}},"18":{"start":{"line":37,"column":25},"end":{"line":37,"column":50}},"19":{"start":{"line":39,"column":12},"end":{"line":39,"column":null}},"20":{"start":{"line":41,"column":12},"end":{"line":41,"column":null}},"21":{"start":{"line":46,"column":8},"end":{"line":50,"column":9}},"22":{"start":{"line":47,"column":12},"end":{"line":47,"column":null}},"23":{"start":{"line":49,"column":12},"end":{"line":49,"column":null}},"24":{"start":{"line":54,"column":8},"end":{"line":70,"column":9}},"25":{"start":{"line":55,"column":12},"end":{"line":66,"column":null}},"26":{"start":{"line":56,"column":29},"end":{"line":56,"column":70}},"27":{"start":{"line":58,"column":16},"end":{"line":60,"column":17}},"28":{"start":{"line":59,"column":20},"end":{"line":59,"column":null}},"29":{"start":{"line":62,"column":16},"end":{"line":62,"column":null}},"30":{"start":{"line":63,"column":16},"end":{"line":63,"column":null}},"31":{"start":{"line":65,"column":16},"end":{"line":65,"column":null}},"32":{"start":{"line":69,"column":12},"end":{"line":69,"column":null}},"33":{"start":{"line":74,"column":0},"end":{"line":74,"column":null}}},"fnMap":{"0":{"name":"(anonymous_1)","decl":{"start":{"line":9,"column":4},"end":{"line":9,"column":9}},"loc":{"start":{"line":9,"column":16},"end":{"line":19,"column":5}}},"1":{"name":"(anonymous_2)","decl":{"start":{"line":13,"column":39},"end":{"line":13,"column":43}},"loc":{"start":{"line":13,"column":47},"end":{"line":13,"column":64}}},"2":{"name":"(anonymous_3)","decl":{"start":{"line":21,"column":4},"end":{"line":21,"column":9}},"loc":{"start":{"line":21,"column":27},"end":{"line":33,"column":5}}},"3":{"name":"(anonymous_4)","decl":{"start":{"line":35,"column":4},"end":{"line":35,"column":9}},"loc":{"start":{"line":35,"column":29},"end":{"line":43,"column":5}}},"4":{"name":"(anonymous_5)","decl":{"start":{"line":45,"column":4},"end":{"line":45,"column":9}},"loc":{"start":{"line":45,"column":27},"end":{"line":51,"column":5}}},"5":{"name":"(anonymous_6)","decl":{"start":{"line":53,"column":4},"end":{"line":53,"column":9}},"loc":{"start":{"line":53,"column":45},"end":{"line":71,"column":5}}},"6":{"name":"(anonymous_7)","decl":{"start":{"line":55,"column":47},"end":{"line":55,"column":52}},"loc":{"start":{"line":55,"column":59},"end":{"line":66,"column":13}}}},"branchMap":{"0":{"loc":{"start":{"line":25,"column":12},"end":{"line":27,"column":13}},"type":"if","locations":[{"start":{"line":25,"column":12},"end":{"line":27,"column":13}},{"start":{},"end":{}}]},"1":{"loc":{"start":{"line":58,"column":16},"end":{"line":60,"column":17}},"type":"if","locations":[{"start":{"line":58,"column":16},"end":{"line":60,"column":17}},{"start":{},"end":{}}]}},"s":{"0":1,"1":1,"2":1,"3":1,"4":1,"5":2,"6":2,"7":1,"8":2,"9":1,"10":1,"11":2,"12":2,"13":2,"14":1,"15":1,"16":1,"17":2,"18":2,"19":1,"20":1,"21":1,"22":1,"23":1,"24":2,"25":2,"26":2,"27":2,"28":0,"29":2,"30":2,"31":1,"32":1,"33":1},"f":{"0":2,"1":2,"2":2,"3":2,"4":1,"5":2,"6":2},"b":{"0":[1,1],"1":[0,2]}}
,"D:\\Education\\selfmade\\eshop\\server\\service\\userService.ts": {"path":"D:\\Education\\selfmade\\eshop\\server\\service\\userService.ts","statementMap":{"0":{"start":{"line":1,"column":0},"end":{"line":1,"column":41}},"1":{"start":{"line":2,"column":0},"end":{"line":2,"column":41}},"2":{"start":{"line":3,"column":0},"end":{"line":3,"column":147}},"3":{"start":{"line":4,"column":0},"end":{"line":4,"column":29}},"4":{"start":{"line":5,"column":0},"end":{"line":5,"column":28}},"5":{"start":{"line":6,"column":0},"end":{"line":6,"column":41}},"6":{"start":{"line":7,"column":0},"end":{"line":7,"column":39}},"7":{"start":{"line":8,"column":0},"end":{"line":8,"column":91}},"8":{"start":{"line":9,"column":0},"end":{"line":9,"column":57}},"9":{"start":{"line":10,"column":0},"end":{"line":10,"column":42}},"10":{"start":{"line":11,"column":0},"end":{"line":11,"column":41}},"11":{"start":{"line":12,"column":0},"end":{"line":12,"column":45}},"12":{"start":{"line":17,"column":26},"end":{"line":17,"column":62}},"13":{"start":{"line":19,"column":8},"end":{"line":21,"column":9}},"14":{"start":{"line":20,"column":12},"end":{"line":20,"column":null}},"15":{"start":{"line":23,"column":29},"end":{"line":23,"column":59}},"16":{"start":{"line":25,"column":31},"end":{"line":25,"column":40}},"17":{"start":{"line":27,"column":8},"end":{"line":39,"column":9}},"18":{"start":{"line":28,"column":12},"end":{"line":36,"column":null}},"19":{"start":{"line":29,"column":29},"end":{"line":29,"column":97}},"20":{"start":{"line":30,"column":16},"end":{"line":30,"column":null}},"21":{"start":{"line":31,"column":16},"end":{"line":31,"column":null}},"22":{"start":{"line":33,"column":32},"end":{"line":33,"column":49}},"23":{"start":{"line":35,"column":16},"end":{"line":35,"column":null}},"24":{"start":{"line":38,"column":12},"end":{"line":38,"column":null}},"25":{"start":{"line":43,"column":21},"end":{"line":43,"column":88}},"26":{"start":{"line":44,"column":8},"end":{"line":46,"column":9}},"27":{"start":{"line":45,"column":12},"end":{"line":45,"column":null}},"28":{"start":{"line":48,"column":8},"end":{"line":50,"column":9}},"29":{"start":{"line":49,"column":12},"end":{"line":49,"column":null}},"30":{"start":{"line":52,"column":33},"end":{"line":52,"column":76}},"31":{"start":{"line":54,"column":8},"end":{"line":56,"column":9}},"32":{"start":{"line":55,"column":12},"end":{"line":55,"column":null}},"33":{"start":{"line":58,"column":24},"end":{"line":58,"column":41}},"34":{"start":{"line":59,"column":20},"end":{"line":59,"column":53}},"35":{"start":{"line":61,"column":8},"end":{"line":61,"column":null}},"36":{"start":{"line":63,"column":8},"end":{"line":63,"column":null}},"37":{"start":{"line":67,"column":8},"end":{"line":67,"column":null}},"38":{"start":{"line":71,"column":33},"end":{"line":71,"column":83}},"39":{"start":{"line":72,"column":8},"end":{"line":74,"column":9}},"40":{"start":{"line":73,"column":12},"end":{"line":73,"column":null}},"41":{"start":{"line":76,"column":8},"end":{"line":78,"column":9}},"42":{"start":{"line":77,"column":12},"end":{"line":77,"column":null}},"43":{"start":{"line":80,"column":8},"end":{"line":88,"column":9}},"44":{"start":{"line":81,"column":12},"end":{"line":81,"column":null}},"45":{"start":{"line":82,"column":12},"end":{"line":85,"column":null}},"46":{"start":{"line":83,"column":16},"end":{"line":83,"column":null}},"47":{"start":{"line":84,"column":16},"end":{"line":84,"column":null}},"48":{"start":{"line":87,"column":12},"end":{"line":87,"column":null}},"49":{"start":{"line":92,"column":25},"end":{"line":92,"column":65}},"50":{"start":{"line":93,"column":26},"end":{"line":93,"column":61}},"51":{"start":{"line":95,"column":8},"end":{"line":97,"column":9}},"52":{"start":{"line":96,"column":12},"end":{"line":96,"column":null}},"53":{"start":{"line":99,"column":21},"end":{"line":99,"column":67}},"54":{"start":{"line":101,"column":8},"end":{"line":103,"column":9}},"55":{"start":{"line":102,"column":12},"end":{"line":102,"column":null}},"56":{"start":{"line":105,"column":24},"end":{"line":105,"column":41}},"57":{"start":{"line":107,"column":26},"end":{"line":107,"column":64}},"58":{"start":{"line":109,"column":8},"end":{"line":109,"column":null}},"59":{"start":{"line":111,"column":8},"end":{"line":111,"column":null}},"60":{"start":{"line":115,"column":21},"end":{"line":115,"column":57}},"61":{"start":{"line":117,"column":8},"end":{"line":119,"column":9}},"62":{"start":{"line":118,"column":12},"end":{"line":118,"column":null}},"63":{"start":{"line":121,"column":29},"end":{"line":121,"column":38}},"64":{"start":{"line":122,"column":8},"end":{"line":122,"column":null}},"65":{"start":{"line":124,"column":8},"end":{"line":128,"column":9}},"66":{"start":{"line":125,"column":12},"end":{"line":125,"column":null}},"67":{"start":{"line":127,"column":12},"end":{"line":127,"column":null}},"68":{"start":{"line":132,"column":8},"end":{"line":154,"column":null}},"69":{"start":{"line":133,"column":32},"end":{"line":133,"column":82}},"70":{"start":{"line":135,"column":12},"end":{"line":137,"column":13}},"71":{"start":{"line":136,"column":16},"end":{"line":136,"column":null}},"72":{"start":{"line":139,"column":25},"end":{"line":139,"column":78}},"73":{"start":{"line":141,"column":12},"end":{"line":143,"column":13}},"74":{"start":{"line":142,"column":16},"end":{"line":142,"column":null}},"75":{"start":{"line":145,"column":33},"end":{"line":145,"column":63}},"76":{"start":{"line":146,"column":12},"end":{"line":146,"column":null}},"77":{"start":{"line":147,"column":12},"end":{"line":147,"column":null}},"78":{"start":{"line":148,"column":12},"end":{"line":148,"column":null}},"79":{"start":{"line":149,"column":12},"end":{"line":149,"column":null}},"80":{"start":{"line":151,"column":28},"end":{"line":151,"column":45}},"81":{"start":{"line":153,"column":12},"end":{"line":153,"column":null}},"82":{"start":{"line":158,"column":8},"end":{"line":195,"column":null}},"83":{"start":{"line":160,"column":27},"end":{"line":163,"column":14}},"84":{"start":{"line":165,"column":12},"end":{"line":167,"column":13}},"85":{"start":{"line":166,"column":16},"end":{"line":166,"column":null}},"86":{"start":{"line":169,"column":12},"end":{"line":171,"column":13}},"87":{"start":{"line":170,"column":16},"end":{"line":170,"column":null}},"88":{"start":{"line":173,"column":27},"end":{"line":176,"column":14}},"89":{"start":{"line":178,"column":12},"end":{"line":180,"column":13}},"90":{"start":{"line":179,"column":16},"end":{"line":179,"column":null}},"91":{"start":{"line":182,"column":44},"end":{"line":189,"column":14}},"92":{"start":{"line":191,"column":12},"end":{"line":194,"column":13}},"93":{"start":{"line":192,"column":16},"end":{"line":192,"column":null}},"94":{"start":{"line":193,"column":16},"end":{"line":193,"column":null}},"95":{"start":{"line":199,"column":21},"end":{"line":222,"column":10}},"96":{"start":{"line":224,"column":8},"end":{"line":226,"column":9}},"97":{"start":{"line":225,"column":12},"end":{"line":225,"column":null}},"98":{"start":{"line":228,"column":24},"end":{"line":228,"column":73}},"99":{"start":{"line":228,"column":51},"end":{"line":228,"column":72}},"100":{"start":{"line":230,"column":8},"end":{"line":230,"column":null}},"101":{"start":{"line":234,"column":8},"end":{"line":278,"column":null}},"102":{"start":{"line":235,"column":25},"end":{"line":240,"column":14}},"103":{"start":{"line":242,"column":12},"end":{"line":244,"column":13}},"104":{"start":{"line":243,"column":16},"end":{"line":243,"column":null}},"105":{"start":{"line":246,"column":33},"end":{"line":258,"column":14}},"106":{"start":{"line":260,"column":12},"end":{"line":262,"column":13}},"107":{"start":{"line":261,"column":16},"end":{"line":261,"column":null}},"108":{"start":{"line":264,"column":12},"end":{"line":266,"column":13}},"109":{"start":{"line":265,"column":16},"end":{"line":265,"column":null}},"110":{"start":{"line":268,"column":12},"end":{"line":277,"column":13}},"111":{"start":{"line":269,"column":16},"end":{"line":274,"column":17}},"112":{"start":{"line":270,"column":20},"end":{"line":270,"column":null}},"113":{"start":{"line":272,"column":20},"end":{"line":272,"column":null}},"114":{"start":{"line":273,"column":20},"end":{"line":273,"column":null}},"115":{"start":{"line":276,"column":16},"end":{"line":276,"column":null}},"116":{"start":{"line":282,"column":8},"end":{"line":304,"column":null}},"117":{"start":{"line":283,"column":25},"end":{"line":287,"column":14}},"118":{"start":{"line":289,"column":12},"end":{"line":291,"column":13}},"119":{"start":{"line":290,"column":16},"end":{"line":290,"column":null}},"120":{"start":{"line":293,"column":26},"end":{"line":299,"column":14}},"121":{"start":{"line":301,"column":12},"end":{"line":303,"column":13}},"122":{"start":{"line":302,"column":16},"end":{"line":302,"column":null}},"123":{"start":{"line":308,"column":8},"end":{"line":319,"column":9}},"124":{"start":{"line":309,"column":26},"end":{"line":314,"column":14}},"125":{"start":{"line":315,"column":29},"end":{"line":315,"column":65}},"126":{"start":{"line":315,"column":47},"end":{"line":315,"column":64}},"127":{"start":{"line":316,"column":12},"end":{"line":316,"column":null}},"128":{"start":{"line":318,"column":12},"end":{"line":318,"column":null}},"129":{"start":{"line":323,"column":8},"end":{"line":325,"column":9}},"130":{"start":{"line":324,"column":12},"end":{"line":324,"column":null}},"131":{"start":{"line":327,"column":8},"end":{"line":329,"column":9}},"132":{"start":{"line":328,"column":12},"end":{"line":328,"column":null}},"133":{"start":{"line":331,"column":8},"end":{"line":353,"column":null}},"134":{"start":{"line":332,"column":25},"end":{"line":335,"column":14}},"135":{"start":{"line":337,"column":12},"end":{"line":339,"column":13}},"136":{"start":{"line":338,"column":16},"end":{"line":338,"column":null}},"137":{"start":{"line":341,"column":12},"end":{"line":343,"column":13}},"138":{"start":{"line":342,"column":16},"end":{"line":342,"column":null}},"139":{"start":{"line":345,"column":12},"end":{"line":347,"column":13}},"140":{"start":{"line":346,"column":16},"end":{"line":346,"column":null}},"141":{"start":{"line":349,"column":12},"end":{"line":349,"column":null}},"142":{"start":{"line":350,"column":12},"end":{"line":350,"column":null}},"143":{"start":{"line":352,"column":12},"end":{"line":352,"column":null}},"144":{"start":{"line":357,"column":8},"end":{"line":393,"column":null}},"145":{"start":{"line":358,"column":25},"end":{"line":361,"column":14}},"146":{"start":{"line":363,"column":12},"end":{"line":365,"column":13}},"147":{"start":{"line":364,"column":16},"end":{"line":364,"column":null}},"148":{"start":{"line":367,"column":31},"end":{"line":370,"column":14}},"149":{"start":{"line":372,"column":12},"end":{"line":374,"column":13}},"150":{"start":{"line":373,"column":16},"end":{"line":373,"column":null}},"151":{"start":{"line":376,"column":12},"end":{"line":379,"column":null}},"152":{"start":{"line":381,"column":39},"end":{"line":385,"column":32}},"153":{"start":{"line":387,"column":12},"end":{"line":387,"column":null}},"154":{"start":{"line":389,"column":12},"end":{"line":392,"column":null}},"155":{"start":{"line":397,"column":8},"end":{"line":422,"column":null}},"156":{"start":{"line":398,"column":39},"end":{"line":402,"column":14}},"157":{"start":{"line":404,"column":12},"end":{"line":406,"column":13}},"158":{"start":{"line":405,"column":16},"end":{"line":405,"column":null}},"159":{"start":{"line":408,"column":12},"end":{"line":411,"column":13}},"160":{"start":{"line":409,"column":16},"end":{"line":409,"column":null}},"161":{"start":{"line":410,"column":16},"end":{"line":410,"column":null}},"162":{"start":{"line":413,"column":12},"end":{"line":413,"column":null}},"163":{"start":{"line":414,"column":12},"end":{"line":414,"column":null}},"164":{"start":{"line":416,"column":12},"end":{"line":416,"column":null}},"165":{"start":{"line":418,"column":12},"end":{"line":421,"column":null}},"166":{"start":{"line":426,"column":8},"end":{"line":460,"column":null}},"167":{"start":{"line":427,"column":39},"end":{"line":431,"column":14}},"168":{"start":{"line":433,"column":12},"end":{"line":435,"column":13}},"169":{"start":{"line":434,"column":16},"end":{"line":434,"column":null}},"170":{"start":{"line":437,"column":12},"end":{"line":439,"column":13}},"171":{"start":{"line":438,"column":16},"end":{"line":438,"column":null}},"172":{"start":{"line":441,"column":12},"end":{"line":444,"column":13}},"173":{"start":{"line":442,"column":16},"end":{"line":442,"column":null}},"174":{"start":{"line":443,"column":16},"end":{"line":443,"column":null}},"175":{"start":{"line":446,"column":12},"end":{"line":452,"column":null}},"176":{"start":{"line":453,"column":12},"end":{"line":453,"column":null}},"177":{"start":{"line":454,"column":12},"end":{"line":454,"column":null}},"178":{"start":{"line":455,"column":12},"end":{"line":455,"column":null}},"179":{"start":{"line":457,"column":12},"end":{"line":459,"column":null}},"180":{"start":{"line":464,"column":0},"end":{"line":464,"column":null}}},"fnMap":{"0":{"name":"(anonymous_10)","decl":{"start":{"line":16,"column":4},"end":{"line":16,"column":9}},"loc":{"start":{"line":16,"column":54},"end":{"line":40,"column":5}}},"1":{"name":"(anonymous_11)","decl":{"start":{"line":28,"column":47},"end":{"line":28,"column":52}},"loc":{"start":{"line":28,"column":59},"end":{"line":36,"column":13}}},"2":{"name":"(anonymous_12)","decl":{"start":{"line":42,"column":4},"end":{"line":42,"column":9}},"loc":{"start":{"line":42,"column":47},"end":{"line":64,"column":5}}},"3":{"name":"(anonymous_13)","decl":{"start":{"line":66,"column":4},"end":{"line":66,"column":9}},"loc":{"start":{"line":66,"column":30},"end":{"line":68,"column":5}}},"4":{"name":"(anonymous_14)","decl":{"start":{"line":70,"column":4},"end":{"line":70,"column":9}},"loc":{"start":{"line":70,"column":48},"end":{"line":89,"column":5}}},"5":{"name":"(anonymous_15)","decl":{"start":{"line":82,"column":40},"end":{"line":82,"column":45}},"loc":{"start":{"line":82,"column":52},"end":{"line":85,"column":13}}},"6":{"name":"(anonymous_16)","decl":{"start":{"line":91,"column":4},"end":{"line":91,"column":9}},"loc":{"start":{"line":91,"column":31},"end":{"line":112,"column":5}}},"7":{"name":"(anonymous_17)","decl":{"start":{"line":114,"column":4},"end":{"line":114,"column":9}},"loc":{"start":{"line":114,"column":40},"end":{"line":129,"column":5}}},"8":{"name":"(anonymous_18)","decl":{"start":{"line":131,"column":4},"end":{"line":131,"column":9}},"loc":{"start":{"line":131,"column":64},"end":{"line":155,"column":5}}},"9":{"name":"(anonymous_19)","decl":{"start":{"line":132,"column":43},"end":{"line":132,"column":48}},"loc":{"start":{"line":132,"column":55},"end":{"line":154,"column":9}}},"10":{"name":"(anonymous_20)","decl":{"start":{"line":157,"column":4},"end":{"line":157,"column":9}},"loc":{"start":{"line":157,"column":52},"end":{"line":196,"column":5}}},"11":{"name":"(anonymous_21)","decl":{"start":{"line":158,"column":37},"end":{"line":158,"column":42}},"loc":{"start":{"line":158,"column":49},"end":{"line":195,"column":9}}},"12":{"name":"(anonymous_22)","decl":{"start":{"line":198,"column":4},"end":{"line":198,"column":9}},"loc":{"start":{"line":198,"column":32},"end":{"line":231,"column":5}}},"13":{"name":"(anonymous_23)","decl":{"start":{"line":228,"column":41},"end":{"line":228,"column":47}},"loc":{"start":{"line":228,"column":51},"end":{"line":228,"column":72}}},"14":{"name":"(anonymous_24)","decl":{"start":{"line":233,"column":4},"end":{"line":233,"column":9}},"loc":{"start":{"line":233,"column":79},"end":{"line":279,"column":5}}},"15":{"name":"(anonymous_25)","decl":{"start":{"line":234,"column":37},"end":{"line":234,"column":42}},"loc":{"start":{"line":234,"column":49},"end":{"line":278,"column":9}}},"16":{"name":"(anonymous_26)","decl":{"start":{"line":281,"column":4},"end":{"line":281,"column":9}},"loc":{"start":{"line":281,"column":61},"end":{"line":305,"column":5}}},"17":{"name":"(anonymous_27)","decl":{"start":{"line":282,"column":37},"end":{"line":282,"column":42}},"loc":{"start":{"line":282,"column":49},"end":{"line":304,"column":9}}},"18":{"name":"(anonymous_28)","decl":{"start":{"line":307,"column":4},"end":{"line":307,"column":9}},"loc":{"start":{"line":307,"column":30},"end":{"line":320,"column":5}}},"19":{"name":"(anonymous_29)","decl":{"start":{"line":315,"column":39},"end":{"line":315,"column":43}},"loc":{"start":{"line":315,"column":47},"end":{"line":315,"column":64}}},"20":{"name":"(anonymous_30)","decl":{"start":{"line":322,"column":4},"end":{"line":322,"column":9}},"loc":{"start":{"line":322,"column":59},"end":{"line":354,"column":5}}},"21":{"name":"(anonymous_31)","decl":{"start":{"line":331,"column":37},"end":{"line":331,"column":42}},"loc":{"start":{"line":331,"column":49},"end":{"line":353,"column":9}}},"22":{"name":"(anonymous_32)","decl":{"start":{"line":356,"column":4},"end":{"line":356,"column":9}},"loc":{"start":{"line":356,"column":72},"end":{"line":394,"column":5}}},"23":{"name":"(anonymous_33)","decl":{"start":{"line":357,"column":37},"end":{"line":357,"column":42}},"loc":{"start":{"line":357,"column":49},"end":{"line":393,"column":9}}},"24":{"name":"(anonymous_34)","decl":{"start":{"line":396,"column":4},"end":{"line":396,"column":9}},"loc":{"start":{"line":396,"column":53},"end":{"line":423,"column":5}}},"25":{"name":"(anonymous_35)","decl":{"start":{"line":397,"column":37},"end":{"line":397,"column":42}},"loc":{"start":{"line":397,"column":49},"end":{"line":422,"column":9}}},"26":{"name":"(anonymous_36)","decl":{"start":{"line":425,"column":4},"end":{"line":425,"column":9}},"loc":{"start":{"line":425,"column":34},"end":{"line":461,"column":5}}},"27":{"name":"(anonymous_37)","decl":{"start":{"line":426,"column":37},"end":{"line":426,"column":42}},"loc":{"start":{"line":426,"column":49},"end":{"line":460,"column":9}}}},"branchMap":{"0":{"loc":{"start":{"line":19,"column":8},"end":{"line":21,"column":9}},"type":"if","locations":[{"start":{"line":19,"column":8},"end":{"line":21,"column":9}},{"start":{},"end":{}}]},"1":{"loc":{"start":{"line":44,"column":8},"end":{"line":46,"column":9}},"type":"if","locations":[{"start":{"line":44,"column":8},"end":{"line":46,"column":9}},{"start":{},"end":{}}]},"2":{"loc":{"start":{"line":48,"column":8},"end":{"line":50,"column":9}},"type":"if","locations":[{"start":{"line":48,"column":8},"end":{"line":50,"column":9}},{"start":{},"end":{}}]},"3":{"loc":{"start":{"line":54,"column":8},"end":{"line":56,"column":9}},"type":"if","locations":[{"start":{"line":54,"column":8},"end":{"line":56,"column":9}},{"start":{},"end":{}}]},"4":{"loc":{"start":{"line":72,"column":8},"end":{"line":74,"column":9}},"type":"if","locations":[{"start":{"line":72,"column":8},"end":{"line":74,"column":9}},{"start":{},"end":{}}]},"5":{"loc":{"start":{"line":76,"column":8},"end":{"line":78,"column":9}},"type":"if","locations":[{"start":{"line":76,"column":8},"end":{"line":78,"column":9}},{"start":{},"end":{}}]},"6":{"loc":{"start":{"line":95,"column":8},"end":{"line":97,"column":9}},"type":"if","locations":[{"start":{"line":95,"column":8},"end":{"line":97,"column":9}},{"start":{},"end":{}}]},"7":{"loc":{"start":{"line":95,"column":12},"end":{"line":95,"column":35}},"type":"binary-expr","locations":[{"start":{"line":95,"column":12},"end":{"line":95,"column":21}},{"start":{"line":95,"column":25},"end":{"line":95,"column":35}}]},"8":{"loc":{"start":{"line":101,"column":8},"end":{"line":103,"column":9}},"type":"if","locations":[{"start":{"line":101,"column":8},"end":{"line":103,"column":9}},{"start":{},"end":{}}]},"9":{"loc":{"start":{"line":117,"column":8},"end":{"line":119,"column":9}},"type":"if","locations":[{"start":{"line":117,"column":8},"end":{"line":119,"column":9}},{"start":{},"end":{}}]},"10":{"loc":{"start":{"line":135,"column":12},"end":{"line":137,"column":13}},"type":"if","locations":[{"start":{"line":135,"column":12},"end":{"line":137,"column":13}},{"start":{},"end":{}}]},"11":{"loc":{"start":{"line":141,"column":12},"end":{"line":143,"column":13}},"type":"if","locations":[{"start":{"line":141,"column":12},"end":{"line":143,"column":13}},{"start":{},"end":{}}]},"12":{"loc":{"start":{"line":165,"column":12},"end":{"line":167,"column":13}},"type":"if","locations":[{"start":{"line":165,"column":12},"end":{"line":167,"column":13}},{"start":{},"end":{}}]},"13":{"loc":{"start":{"line":169,"column":12},"end":{"line":171,"column":13}},"type":"if","locations":[{"start":{"line":169,"column":12},"end":{"line":171,"column":13}},{"start":{},"end":{}}]},"14":{"loc":{"start":{"line":178,"column":12},"end":{"line":180,"column":13}},"type":"if","locations":[{"start":{"line":178,"column":12},"end":{"line":180,"column":13}},{"start":{},"end":{}}]},"15":{"loc":{"start":{"line":191,"column":12},"end":{"line":194,"column":13}},"type":"if","locations":[{"start":{"line":191,"column":12},"end":{"line":194,"column":13}},{"start":{},"end":{}}]},"16":{"loc":{"start":{"line":224,"column":8},"end":{"line":226,"column":9}},"type":"if","locations":[{"start":{"line":224,"column":8},"end":{"line":226,"column":9}},{"start":{},"end":{}}]},"17":{"loc":{"start":{"line":224,"column":12},"end":{"line":224,"column":35}},"type":"binary-expr","locations":[{"start":{"line":224,"column":12},"end":{"line":224,"column":17}},{"start":{"line":224,"column":21},"end":{"line":224,"column":35}}]},"18":{"loc":{"start":{"line":242,"column":12},"end":{"line":244,"column":13}},"type":"if","locations":[{"start":{"line":242,"column":12},"end":{"line":244,"column":13}},{"start":{},"end":{}}]},"19":{"loc":{"start":{"line":260,"column":12},"end":{"line":262,"column":13}},"type":"if","locations":[{"start":{"line":260,"column":12},"end":{"line":262,"column":13}},{"start":{},"end":{}}]},"20":{"loc":{"start":{"line":264,"column":12},"end":{"line":266,"column":13}},"type":"if","locations":[{"start":{"line":264,"column":12},"end":{"line":266,"column":13}},{"start":{},"end":{}}]},"21":{"loc":{"start":{"line":264,"column":16},"end":{"line":264,"column":84}},"type":"binary-expr","locations":[{"start":{"line":264,"column":16},"end":{"line":264,"column":36}},{"start":{"line":264,"column":40},"end":{"line":264,"column":84}}]},"22":{"loc":{"start":{"line":269,"column":16},"end":{"line":274,"column":17}},"type":"if","locations":[{"start":{"line":269,"column":16},"end":{"line":274,"column":17}},{"start":{"line":271,"column":23},"end":{"line":274,"column":17}}]},"23":{"loc":{"start":{"line":289,"column":12},"end":{"line":291,"column":13}},"type":"if","locations":[{"start":{"line":289,"column":12},"end":{"line":291,"column":13}},{"start":{},"end":{}}]},"24":{"loc":{"start":{"line":301,"column":12},"end":{"line":303,"column":13}},"type":"if","locations":[{"start":{"line":301,"column":12},"end":{"line":303,"column":13}},{"start":{},"end":{}}]},"25":{"loc":{"start":{"line":323,"column":8},"end":{"line":325,"column":9}},"type":"if","locations":[{"start":{"line":323,"column":8},"end":{"line":325,"column":9}},{"start":{},"end":{}}]},"26":{"loc":{"start":{"line":327,"column":8},"end":{"line":329,"column":9}},"type":"if","locations":[{"start":{"line":327,"column":8},"end":{"line":329,"column":9}},{"start":{},"end":{}}]},"27":{"loc":{"start":{"line":327,"column":12},"end":{"line":327,"column":75}},"type":"binary-expr","locations":[{"start":{"line":327,"column":12},"end":{"line":327,"column":41}},{"start":{"line":327,"column":45},"end":{"line":327,"column":75}}]},"28":{"loc":{"start":{"line":337,"column":12},"end":{"line":339,"column":13}},"type":"if","locations":[{"start":{"line":337,"column":12},"end":{"line":339,"column":13}},{"start":{},"end":{}}]},"29":{"loc":{"start":{"line":341,"column":12},"end":{"line":343,"column":13}},"type":"if","locations":[{"start":{"line":341,"column":12},"end":{"line":343,"column":13}},{"start":{},"end":{}}]},"30":{"loc":{"start":{"line":345,"column":12},"end":{"line":347,"column":13}},"type":"if","locations":[{"start":{"line":345,"column":12},"end":{"line":347,"column":13}},{"start":{},"end":{}}]},"31":{"loc":{"start":{"line":363,"column":12},"end":{"line":365,"column":13}},"type":"if","locations":[{"start":{"line":363,"column":12},"end":{"line":365,"column":13}},{"start":{},"end":{}}]},"32":{"loc":{"start":{"line":372,"column":12},"end":{"line":374,"column":13}},"type":"if","locations":[{"start":{"line":372,"column":12},"end":{"line":374,"column":13}},{"start":{},"end":{}}]},"33":{"loc":{"start":{"line":404,"column":12},"end":{"line":406,"column":13}},"type":"if","locations":[{"start":{"line":404,"column":12},"end":{"line":406,"column":13}},{"start":{},"end":{}}]},"34":{"loc":{"start":{"line":408,"column":12},"end":{"line":411,"column":13}},"type":"if","locations":[{"start":{"line":408,"column":12},"end":{"line":411,"column":13}},{"start":{},"end":{}}]},"35":{"loc":{"start":{"line":433,"column":12},"end":{"line":435,"column":13}},"type":"if","locations":[{"start":{"line":433,"column":12},"end":{"line":435,"column":13}},{"start":{},"end":{}}]},"36":{"loc":{"start":{"line":437,"column":12},"end":{"line":439,"column":13}},"type":"if","locations":[{"start":{"line":437,"column":12},"end":{"line":439,"column":13}},{"start":{},"end":{}}]},"37":{"loc":{"start":{"line":441,"column":12},"end":{"line":444,"column":13}},"type":"if","locations":[{"start":{"line":441,"column":12},"end":{"line":444,"column":13}},{"start":{},"end":{}}]}},"s":{"0":1,"1":1,"2":1,"3":1,"4":1,"5":1,"6":1,"7":1,"8":1,"9":1,"10":1,"11":1,"12":3,"13":3,"14":1,"15":2,"16":2,"17":2,"18":2,"19":2,"20":2,"21":1,"22":1,"23":1,"24":1,"25":4,"26":4,"27":1,"28":3,"29":1,"30":2,"31":2,"32":1,"33":1,"34":1,"35":1,"36":1,"37":0,"38":4,"39":4,"40":1,"41":3,"42":1,"43":2,"44":2,"45":2,"46":2,"47":2,"48":1,"49":4,"50":4,"51":4,"52":2,"53":2,"54":2,"55":1,"56":1,"57":1,"58":1,"59":1,"60":3,"61":3,"62":1,"63":2,"64":2,"65":1,"66":1,"67":0,"68":4,"69":4,"70":4,"71":1,"72":3,"73":3,"74":1,"75":2,"76":2,"77":2,"78":2,"79":2,"80":1,"81":1,"82":4,"83":4,"84":4,"85":1,"86":3,"87":1,"88":2,"89":2,"90":1,"91":1,"92":1,"93":1,"94":1,"95":0,"96":0,"97":0,"98":0,"99":0,"100":0,"101":4,"102":4,"103":4,"104":1,"105":3,"106":3,"107":1,"108":2,"109":1,"110":1,"111":1,"112":0,"113":1,"114":1,"115":0,"116":0,"117":0,"118":0,"119":0,"120":0,"121":0,"122":0,"123":0,"124":0,"125":0,"126":0,"127":0,"128":0,"129":0,"130":0,"131":0,"132":0,"133":0,"134":0,"135":0,"136":0,"137":0,"138":0,"139":0,"140":0,"141":0,"142":0,"143":0,"144":0,"145":0,"146":0,"147":0,"148":0,"149":0,"150":0,"151":0,"152":0,"153":0,"154":0,"155":0,"156":0,"157":0,"158":0,"159":0,"160":0,"161":0,"162":0,"163":0,"164":0,"165":0,"166":0,"167":0,"168":0,"169":0,"170":0,"171":0,"172":0,"173":0,"174":0,"175":0,"176":0,"177":0,"178":0,"179":0,"180":1},"f":{"0":3,"1":2,"2":4,"3":0,"4":4,"5":2,"6":4,"7":3,"8":4,"9":4,"10":4,"11":4,"12":0,"13":0,"14":4,"15":4,"16":0,"17":0,"18":0,"19":0,"20":0,"21":0,"22":0,"23":0,"24":0,"25":0,"26":0,"27":0},"b":{"0":[1,2],"1":[1,3],"2":[1,2],"3":[1,1],"4":[1,3],"5":[1,2],"6":[2,2],"7":[4,3],"8":[1,1],"9":[1,2],"10":[1,3],"11":[1,2],"12":[1,3],"13":[1,2],"14":[1,1],"15":[1,0],"16":[0,0],"17":[0,0],"18":[1,3],"19":[1,2],"20":[1,1],"21":[2,2],"22":[0,1],"23":[0,0],"24":[0,0],"25":[0,0],"26":[0,0],"27":[0,0],"28":[0,0],"29":[0,0],"30":[0,0],"31":[0,0],"32":[0,0],"33":[0,0],"34":[0,0],"35":[0,0],"36":[0,0],"37":[0,0]}}
,"D:\\Education\\selfmade\\eshop\\server\\validation\\validation.ts": {"path":"D:\\Education\\selfmade\\eshop\\server\\validation\\validation.ts","statementMap":{"0":{"start":{"line":2,"column":0},"end":{"line":2,"column":80}},"1":{"start":{"line":4,"column":13},"end":{"line":7,"column":null}},"2":{"start":{"line":9,"column":13},"end":{"line":15,"column":null}},"3":{"start":{"line":17,"column":32},"end":{"line":21,"column":null}},"4":{"start":{"line":17,"column":65},"end":{"line":21,"column":null}},"5":{"start":{"line":17,"column":13},"end":{"line":17,"column":32}},"6":{"start":{"line":23,"column":33},"end":{"line":28,"column":null}},"7":{"start":{"line":23,"column":63},"end":{"line":28,"column":null}},"8":{"start":{"line":23,"column":13},"end":{"line":23,"column":33}},"9":{"start":{"line":30,"column":29},"end":{"line":34,"column":null}},"10":{"start":{"line":30,"column":69},"end":{"line":34,"column":null}},"11":{"start":{"line":30,"column":13},"end":{"line":30,"column":29}},"12":{"start":{"line":36,"column":40},"end":{"line":40,"column":null}},"13":{"start":{"line":36,"column":63},"end":{"line":40,"column":null}},"14":{"start":{"line":36,"column":13},"end":{"line":36,"column":40}},"15":{"start":{"line":42,"column":39},"end":{"line":46,"column":null}},"16":{"start":{"line":42,"column":62},"end":{"line":46,"column":null}},"17":{"start":{"line":42,"column":13},"end":{"line":42,"column":39}},"18":{"start":{"line":48,"column":34},"end":{"line":52,"column":null}},"19":{"start":{"line":48,"column":57},"end":{"line":52,"column":null}},"20":{"start":{"line":48,"column":13},"end":{"line":48,"column":34}},"21":{"start":{"line":54,"column":13},"end":{"line":57,"column":null}},"22":{"start":{"line":59,"column":13},"end":{"line":78,"column":null}},"23":{"start":{"line":80,"column":13},"end":{"line":91,"column":null}},"24":{"start":{"line":93,"column":13},"end":{"line":97,"column":null}},"25":{"start":{"line":99,"column":13},"end":{"line":103,"column":null}},"26":{"start":{"line":105,"column":24},"end":{"line":114,"column":1}},"27":{"start":{"line":106,"column":19},"end":{"line":106,"column":40}},"28":{"start":{"line":107,"column":4},"end":{"line":112,"column":5}},"29":{"start":{"line":108,"column":8},"end":{"line":111,"column":null}},"30":{"start":{"line":113,"column":4},"end":{"line":113,"column":null}},"31":{"start":{"line":105,"column":13},"end":{"line":105,"column":24}}},"fnMap":{"0":{"name":"(anonymous_0)","decl":{"start":{"line":17,"column":32},"end":{"line":17,"column":33}},"loc":{"start":{"line":17,"column":65},"end":{"line":21,"column":null}}},"1":{"name":"(anonymous_1)","decl":{"start":{"line":23,"column":33},"end":{"line":23,"column":34}},"loc":{"start":{"line":23,"column":63},"end":{"line":28,"column":null}}},"2":{"name":"(anonymous_2)","decl":{"start":{"line":30,"column":29},"end":{"line":30,"column":30}},"loc":{"start":{"line":30,"column":69},"end":{"line":34,"column":null}}},"3":{"name":"(anonymous_3)","decl":{"start":{"line":36,"column":40},"end":{"line":36,"column":41}},"loc":{"start":{"line":36,"column":63},"end":{"line":40,"column":null}}},"4":{"name":"(anonymous_4)","decl":{"start":{"line":42,"column":39},"end":{"line":42,"column":40}},"loc":{"start":{"line":42,"column":62},"end":{"line":46,"column":null}}},"5":{"name":"(anonymous_5)","decl":{"start":{"line":48,"column":34},"end":{"line":48,"column":35}},"loc":{"start":{"line":48,"column":57},"end":{"line":52,"column":null}}},"6":{"name":"(anonymous_6)","decl":{"start":{"line":105,"column":24},"end":{"line":105,"column":25}},"loc":{"start":{"line":105,"column":76},"end":{"line":114,"column":1}}}},"branchMap":{"0":{"loc":{"start":{"line":17,"column":33},"end":{"line":17,"column":60}},"type":"default-arg","locations":[{"start":{"line":17,"column":53},"end":{"line":17,"column":60}}]},"1":{"loc":{"start":{"line":23,"column":34},"end":{"line":23,"column":58}},"type":"default-arg","locations":[{"start":{"line":23,"column":54},"end":{"line":23,"column":58}}]},"2":{"loc":{"start":{"line":30,"column":49},"end":{"line":30,"column":64}},"type":"default-arg","locations":[{"start":{"line":30,"column":63},"end":{"line":30,"column":64}}]},"3":{"loc":{"start":{"line":107,"column":4},"end":{"line":112,"column":5}},"type":"if","locations":[{"start":{"line":107,"column":4},"end":{"line":112,"column":5}},{"start":{},"end":{}}]}},"s":{"0":1,"1":1,"2":1,"3":1,"4":0,"5":1,"6":1,"7":2,"8":1,"9":1,"10":3,"11":1,"12":1,"13":0,"14":1,"15":1,"16":0,"17":1,"18":1,"19":2,"20":1,"21":1,"22":1,"23":1,"24":1,"25":1,"26":1,"27":10,"28":10,"29":7,"30":3,"31":1},"f":{"0":0,"1":2,"2":3,"3":0,"4":0,"5":2,"6":10},"b":{"0":[0],"1":[2],"2":[1],"3":[7,3]}}
}
