TN:
SF:middleware\authMiddleware.ts
FN:5,(anonymous_1)
FNF:1
FNH:1
FNDA:4,(anonymous_1)
DA:2,1
DA:3,1
DA:5,1
DA:6,4
DA:7,1
DA:10,3
DA:11,3
DA:13,3
DA:14,1
DA:19,1
DA:27,2
DA:29,2
DA:30,1
DA:35,1
DA:43,1
DA:44,1
DA:46,0
DA:52,0
LF:18
LH:16
BRDA:6,0,0,1
BRDA:6,0,1,3
BRDA:13,1,0,1
BRDA:13,1,1,2
BRDA:29,2,0,1
BRDA:29,2,1,1
BRDA:47,3,0,0
BRDA:47,3,1,0
BRF:8
BRH:6
end_of_record
TN:
SF:middleware\errorMiddleware.ts
FN:5,(anonymous_1)
FNF:1
FNH:1
FNDA:3,(anonymous_1)
DA:2,1
DA:3,1
DA:5,1
DA:7,3
DA:8,1
DA:14,1
DA:23,2
DA:24,1
DA:31,1
DA:41,1
DA:47,1
LF:11
LH:11
BRDA:7,0,0,1
BRDA:7,0,1,2
BRDA:23,1,0,1
BRDA:23,1,1,1
BRF:4
BRH:4
end_of_record
TN:
SF:middleware\loggingMiddleware.ts
FN:10,(anonymous_1)
FN:15,(anonymous_2)
FN:28,(anonymous_3)
FNF:3
FNH:0
FNDA:0,(anonymous_1)
FNDA:0,(anonymous_2)
FNDA:0,(anonymous_3)
DA:2,0
DA:3,0
DA:4,0
DA:6,0
DA:8,0
DA:11,0
DA:15,0
DA:16,0
DA:25,0
DA:28,0
DA:29,0
DA:30,0
LF:12
LH:0
BRDA:11,0,0,0
BRDA:11,0,1,0
BRF:2
BRH:0
end_of_record
TN:
SF:middleware\roleMiddleware.ts
FN:30,(anonymous_1)
FN:34,isGreaterRole
FN:41,hasRequiredRole
FN:48,(anonymous_4)
FN:49,(anonymous_5)
FN:102,(anonymous_6)
FN:103,(anonymous_7)
FNF:7
FNH:7
FNDA:5,(anonymous_1)
FNDA:8,isGreaterRole
FNDA:2,hasRequiredRole
FNDA:5,(anonymous_4)
FNDA:5,(anonymous_5)
FNDA:2,(anonymous_6)
FNDA:2,(anonymous_7)
DA:2,4
DA:4,4
DA:14,4
DA:23,4
DA:30,4
DA:31,5
DA:34,4
DA:38,8
DA:45,2
DA:48,4
DA:49,5
DA:50,5
DA:51,1
DA:53,4
DA:54,4
DA:59,4
DA:60,4
DA:61,1
DA:67,1
DA:69,3
DA:70,3
DA:71,1
DA:77,1
DA:79,2
DA:80,1
DA:86,1
DA:88,1
DA:89,1
DA:91,0
DA:97,0
DA:102,4
DA:103,2
DA:104,2
DA:105,0
DA:107,2
DA:108,2
DA:113,2
DA:114,2
DA:115,0
DA:121,0
DA:123,2
DA:124,2
DA:125,0
DA:131,0
DA:133,2
DA:134,1
DA:140,1
DA:142,1
DA:143,1
DA:145,0
DA:151,0
LF:51
LH:42
BRDA:45,0,0,2
BRDA:45,0,1,2
BRDA:50,1,0,1
BRDA:50,1,1,4
BRDA:60,2,0,1
BRDA:60,2,1,3
BRDA:70,3,0,1
BRDA:70,3,1,2
BRDA:79,4,0,1
BRDA:79,4,1,1
BRDA:92,5,0,0
BRDA:92,5,1,0
BRDA:104,6,0,0
BRDA:104,6,1,2
BRDA:114,7,0,0
BRDA:114,7,1,2
BRDA:124,8,0,0
BRDA:124,8,1,2
BRDA:133,9,0,1
BRDA:133,9,1,1
BRDA:146,10,0,0
BRDA:146,10,1,0
BRF:22
BRH:15
end_of_record
TN:
SF:service\brandService.ts
FN:8,(anonymous_1)
FN:12,(anonymous_2)
FN:20,(anonymous_3)
FN:34,(anonymous_4)
FN:44,(anonymous_5)
FN:52,(anonymous_6)
FN:54,(anonymous_7)
FNF:7
FNH:7
FNDA:2,(anonymous_1)
FNDA:2,(anonymous_2)
FNDA:3,(anonymous_3)
FNDA:1,(anonymous_4)
FNDA:2,(anonymous_5)
FNDA:3,(anonymous_6)
FNDA:3,(anonymous_7)
DA:1,1
DA:2,1
DA:3,1
DA:4,1
DA:5,1
DA:9,2
DA:10,2
DA:12,2
DA:14,1
DA:16,1
DA:21,3
DA:22,3
DA:24,2
DA:25,1
DA:28,1
DA:30,2
DA:35,1
DA:36,1
DA:38,1
DA:40,0
DA:45,2
DA:46,2
DA:48,1
DA:53,3
DA:54,3
DA:55,3
DA:57,2
DA:58,1
DA:61,1
DA:62,1
DA:64,1
DA:67,2
DA:72,1
LF:33
LH:32
BRDA:24,0,0,1
BRDA:24,0,1,1
BRDA:57,1,0,1
BRDA:57,1,1,1
BRF:4
BRH:4
end_of_record
TN:
SF:service\deviceService.ts
FN:29,(anonymous_10)
FN:118,(anonymous_11)
FN:126,(anonymous_12)
FN:148,(anonymous_13)
FN:150,(anonymous_14)
FN:164,(anonymous_15)
FN:215,(anonymous_16)
FN:217,(anonymous_17)
FN:240,(anonymous_18)
FN:287,(anonymous_19)
FN:288,(anonymous_20)
FN:349,(anonymous_21)
FN:351,(anonymous_22)
FN:357,(anonymous_23)
FN:377,(anonymous_24)
FN:388,(anonymous_25)
FNF:16
FNH:0
FNDA:0,(anonymous_10)
FNDA:0,(anonymous_11)
FNDA:0,(anonymous_12)
FNDA:0,(anonymous_13)
FNDA:0,(anonymous_14)
FNDA:0,(anonymous_15)
FNDA:0,(anonymous_16)
FNDA:0,(anonymous_17)
FNDA:0,(anonymous_18)
FNDA:0,(anonymous_19)
FNDA:0,(anonymous_20)
FNDA:0,(anonymous_21)
FNDA:0,(anonymous_22)
FNDA:0,(anonymous_23)
FNDA:0,(anonymous_24)
FNDA:0,(anonymous_25)
DA:1,0
DA:2,0
DA:3,0
DA:4,0
DA:5,0
DA:6,0
DA:8,0
DA:9,0
DA:10,0
DA:11,0
DA:30,0
DA:31,0
DA:32,0
DA:33,0
DA:35,0
DA:36,0
DA:54,0
DA:55,0
DA:74,0
DA:75,0
DA:95,0
DA:117,0
DA:118,0
DA:122,0
DA:127,0
DA:128,0
DA:138,0
DA:139,0
DA:142,0
DA:144,0
DA:149,0
DA:150,0
DA:151,0
DA:159,0
DA:160,0
DA:163,0
DA:164,0
DA:165,0
DA:172,0
DA:173,0
DA:175,0
DA:176,0
DA:178,0
DA:179,0
DA:182,0
DA:183,0
DA:184,0
DA:186,0
DA:188,0
DA:190,0
DA:198,0
DA:208,0
DA:211,0
DA:216,0
DA:217,0
DA:219,0
DA:224,0
DA:225,0
DA:228,0
DA:229,0
DA:230,0
DA:231,0
DA:232,0
DA:234,0
DA:236,0
DA:237,0
DA:238,0
DA:240,0
DA:241,0
DA:242,0
DA:250,0
DA:251,0
DA:254,0
DA:255,0
DA:256,0
DA:258,0
DA:260,0
DA:266,0
DA:270,0
DA:281,0
DA:285,0
DA:287,0
DA:288,0
DA:289,0
DA:290,0
DA:291,0
DA:293,0
DA:300,0
DA:304,0
DA:306,0
DA:307,0
DA:308,0
DA:310,0
DA:311,0
DA:314,0
DA:315,0
DA:316,0
DA:318,0
DA:320,0
DA:321,0
DA:323,0
DA:332,0
DA:342,0
DA:345,0
DA:350,0
DA:351,0
DA:352,0
DA:353,0
DA:355,0
DA:357,0
DA:358,0
DA:359,0
DA:360,0
DA:362,0
DA:369,0
DA:373,0
DA:378,0
DA:379,0
DA:388,0
DA:390,0
DA:395,0
DA:400,0
LF:122
LH:0
BRDA:35,0,0,0
BRDA:35,0,1,0
BRDA:35,1,0,0
BRDA:35,1,1,0
BRDA:54,2,0,0
BRDA:54,2,1,0
BRDA:54,3,0,0
BRDA:54,3,1,0
BRDA:74,4,0,0
BRDA:74,4,1,0
BRDA:74,5,0,0
BRDA:74,5,1,0
BRDA:138,6,0,0
BRDA:138,6,1,0
BRDA:159,7,0,0
BRDA:159,7,1,0
BRDA:178,8,0,0
BRDA:178,8,1,0
BRDA:224,9,0,0
BRDA:224,9,1,0
BRDA:236,10,0,0
BRDA:236,10,1,0
BRDA:241,11,0,0
BRDA:241,11,1,0
BRDA:250,12,0,0
BRDA:250,12,1,0
BRDA:288,13,0,0
BRDA:288,13,1,0
BRDA:294,14,0,0
BRDA:294,14,1,0
BRDA:306,15,0,0
BRDA:306,15,1,0
BRDA:310,16,0,0
BRDA:310,16,1,0
BRDA:363,17,0,0
BRDA:363,17,1,0
BRF:36
BRH:0
end_of_record
TN:
SF:service\mailService.ts
FN:9,(anonymous_1)
FN:19,(anonymous_2)
FN:42,(anonymous_3)
FN:65,(anonymous_4)
FN:87,(anonymous_5)
FN:108,(anonymous_6)
FNF:6
FNH:0
FNDA:0,(anonymous_1)
FNDA:0,(anonymous_2)
FNDA:0,(anonymous_3)
FNDA:0,(anonymous_4)
FNDA:0,(anonymous_5)
FNDA:0,(anonymous_6)
DA:1,0
DA:3,0
DA:10,0
DA:20,0
DA:22,0
DA:23,0
DA:24,0
DA:27,0
DA:43,0
DA:45,0
DA:46,0
DA:47,0
DA:50,0
DA:67,0
DA:68,0
DA:69,0
DA:72,0
DA:89,0
DA:90,0
DA:91,0
DA:94,0
DA:109,0
DA:111,0
DA:112,0
DA:113,0
DA:116,0
DA:132,0
LF:27
LH:0
BRDA:22,0,0,0
BRDA:22,0,1,0
BRDA:45,1,0,0
BRDA:45,1,1,0
BRDA:67,2,0,0
BRDA:67,2,1,0
BRDA:89,3,0,0
BRDA:89,3,1,0
BRDA:111,4,0,0
BRDA:111,4,1,0
BRF:10
BRH:0
end_of_record
TN:
SF:service\orderService.ts
FN:9,(anonymous_1)
FN:10,(anonymous_2)
FN:47,(anonymous_3)
FN:80,(anonymous_4)
FN:99,(anonymous_5)
FN:102,(anonymous_6)
FN:138,(anonymous_7)
FNF:7
FNH:7
FNDA:5,(anonymous_1)
FNDA:5,(anonymous_2)
FNDA:1,(anonymous_3)
FNDA:2,(anonymous_4)
FNDA:1,(anonymous_5)
FNDA:1,(anonymous_6)
FNDA:1,(anonymous_7)
DA:1,1
DA:2,1
DA:3,1
DA:4,1
DA:5,1
DA:6,1
DA:10,5
DA:11,5
DA:25,4
DA:26,1
DA:29,3
DA:30,1
DA:33,2
DA:34,2
DA:35,1
DA:39,1
DA:47,1
DA:48,1
DA:55,1
DA:56,1
DA:59,1
DA:64,1
DA:76,1
DA:81,2
DA:99,2
DA:103,1
DA:118,1
DA:135,1
DA:138,1
DA:144,1
LF:30
LH:30
BRDA:25,0,0,1
BRDA:25,0,1,3
BRDA:29,1,0,1
BRDA:29,1,1,2
BRDA:29,2,0,3
BRDA:29,2,1,3
BRDA:34,3,0,1
BRDA:34,3,1,1
BRF:8
BRH:8
end_of_record
TN:
SF:service\tokenService.ts
FN:16,(anonymous_1)
FN:25,(anonymous_2)
FN:39,(anonymous_3)
FN:53,(anonymous_4)
FN:62,(anonymous_5)
FN:77,(anonymous_6)
FN:85,(anonymous_7)
FNF:7
FNH:7
FNDA:1,(anonymous_1)
FNDA:3,(anonymous_2)
FNDA:3,(anonymous_3)
FNDA:1,(anonymous_4)
FNDA:2,(anonymous_5)
FNDA:1,(anonymous_6)
FNDA:2,(anonymous_7)
DA:1,3
DA:2,3
DA:3,3
DA:5,3
DA:7,3
DA:17,1
DA:18,1
DA:20,1
DA:21,1
DA:22,1
DA:26,3
DA:27,3
DA:28,3
DA:29,1
DA:35,2
DA:40,3
DA:41,3
DA:42,3
DA:43,1
DA:49,2
DA:54,1
DA:55,1
DA:56,1
DA:58,0
DA:63,2
DA:64,2
DA:66,2
DA:67,1
DA:68,1
DA:70,1
DA:71,1
DA:73,0
DA:78,1
DA:79,1
DA:81,0
DA:86,2
DA:87,2
DA:89,0
DA:94,3
LF:39
LH:35
BRDA:66,0,0,1
BRDA:66,0,1,1
BRF:2
BRH:2
end_of_record
TN:
SF:service\typeService.ts
FN:9,(anonymous_1)
FN:13,(anonymous_2)
FN:21,(anonymous_3)
FN:35,(anonymous_4)
FN:45,(anonymous_5)
FN:53,(anonymous_6)
FN:55,(anonymous_7)
FNF:7
FNH:7
FNDA:2,(anonymous_1)
FNDA:2,(anonymous_2)
FNDA:2,(anonymous_3)
FNDA:2,(anonymous_4)
FNDA:1,(anonymous_5)
FNDA:2,(anonymous_6)
FNDA:2,(anonymous_7)
DA:1,1
DA:2,1
DA:3,1
DA:4,1
DA:5,1
DA:10,2
DA:11,2
DA:13,2
DA:15,1
DA:17,1
DA:22,2
DA:23,2
DA:25,2
DA:26,1
DA:29,1
DA:31,1
DA:36,2
DA:37,2
DA:39,1
DA:41,1
DA:46,1
DA:47,1
DA:49,1
DA:54,2
DA:55,2
DA:56,2
DA:58,2
DA:59,0
DA:62,2
DA:63,2
DA:65,1
DA:69,1
DA:74,1
LF:33
LH:32
BRDA:25,0,0,1
BRDA:25,0,1,1
BRDA:58,1,0,0
BRDA:58,1,1,2
BRF:4
BRH:3
end_of_record
TN:
SF:service\userService.ts
FN:16,(anonymous_10)
FN:28,(anonymous_11)
FN:42,(anonymous_12)
FN:66,(anonymous_13)
FN:70,(anonymous_14)
FN:82,(anonymous_15)
FN:91,(anonymous_16)
FN:114,(anonymous_17)
FN:131,(anonymous_18)
FN:132,(anonymous_19)
FN:157,(anonymous_20)
FN:158,(anonymous_21)
FN:198,(anonymous_22)
FN:228,(anonymous_23)
FN:233,(anonymous_24)
FN:234,(anonymous_25)
FN:281,(anonymous_26)
FN:282,(anonymous_27)
FN:307,(anonymous_28)
FN:315,(anonymous_29)
FN:322,(anonymous_30)
FN:331,(anonymous_31)
FN:356,(anonymous_32)
FN:357,(anonymous_33)
FN:396,(anonymous_34)
FN:397,(anonymous_35)
FN:425,(anonymous_36)
FN:426,(anonymous_37)
FNF:28
FNH:13
FNDA:3,(anonymous_10)
FNDA:2,(anonymous_11)
FNDA:4,(anonymous_12)
FNDA:0,(anonymous_13)
FNDA:4,(anonymous_14)
FNDA:2,(anonymous_15)
FNDA:4,(anonymous_16)
FNDA:3,(anonymous_17)
FNDA:4,(anonymous_18)
FNDA:4,(anonymous_19)
FNDA:4,(anonymous_20)
FNDA:4,(anonymous_21)
FNDA:0,(anonymous_22)
FNDA:0,(anonymous_23)
FNDA:4,(anonymous_24)
FNDA:4,(anonymous_25)
FNDA:0,(anonymous_26)
FNDA:0,(anonymous_27)
FNDA:0,(anonymous_28)
FNDA:0,(anonymous_29)
FNDA:0,(anonymous_30)
FNDA:0,(anonymous_31)
FNDA:0,(anonymous_32)
FNDA:0,(anonymous_33)
FNDA:0,(anonymous_34)
FNDA:0,(anonymous_35)
FNDA:0,(anonymous_36)
FNDA:0,(anonymous_37)
DA:1,1
DA:2,1
DA:3,1
DA:4,1
DA:5,1
DA:6,1
DA:7,1
DA:8,1
DA:9,1
DA:10,1
DA:11,1
DA:12,1
DA:17,3
DA:19,3
DA:20,1
DA:23,2
DA:25,2
DA:27,2
DA:28,2
DA:29,2
DA:30,2
DA:31,1
DA:33,1
DA:35,1
DA:38,1
DA:43,4
DA:44,4
DA:45,1
DA:48,3
DA:49,1
DA:52,2
DA:54,2
DA:55,1
DA:58,1
DA:59,1
DA:61,1
DA:63,1
DA:67,0
DA:71,4
DA:72,4
DA:73,1
DA:76,3
DA:77,1
DA:80,2
DA:81,2
DA:82,2
DA:83,2
DA:84,2
DA:87,1
DA:92,4
DA:93,4
DA:95,4
DA:96,2
DA:99,2
DA:101,2
DA:102,1
DA:105,1
DA:107,1
DA:109,1
DA:111,1
DA:115,3
DA:117,3
DA:118,1
DA:121,2
DA:122,2
DA:124,1
DA:125,1
DA:127,0
DA:132,4
DA:133,4
DA:135,4
DA:136,1
DA:139,3
DA:141,3
DA:142,1
DA:145,2
DA:146,2
DA:147,2
DA:148,2
DA:149,2
DA:151,1
DA:153,1
DA:158,4
DA:160,4
DA:165,4
DA:166,1
DA:169,3
DA:170,1
DA:173,2
DA:178,2
DA:179,1
DA:182,1
DA:191,1
DA:192,1
DA:193,1
DA:199,0
DA:224,0
DA:225,0
DA:228,0
DA:230,0
DA:234,4
DA:235,4
DA:242,4
DA:243,1
DA:246,3
DA:260,3
DA:261,1
DA:264,2
DA:265,1
DA:268,1
DA:269,1
DA:270,0
DA:272,1
DA:273,1
DA:276,0
DA:282,0
DA:283,0
DA:289,0
DA:290,0
DA:293,0
DA:301,0
DA:302,0
DA:308,0
DA:309,0
DA:315,0
DA:316,0
DA:318,0
DA:323,0
DA:324,0
DA:327,0
DA:328,0
DA:331,0
DA:332,0
DA:337,0
DA:338,0
DA:341,0
DA:342,0
DA:345,0
DA:346,0
DA:349,0
DA:350,0
DA:352,0
DA:357,0
DA:358,0
DA:363,0
DA:364,0
DA:367,0
DA:372,0
DA:373,0
DA:376,0
DA:381,0
DA:387,0
DA:389,0
DA:397,0
DA:398,0
DA:404,0
DA:405,0
DA:408,0
DA:409,0
DA:410,0
DA:413,0
DA:414,0
DA:416,0
DA:418,0
DA:426,0
DA:427,0
DA:433,0
DA:434,0
DA:437,0
DA:438,0
DA:441,0
DA:442,0
DA:443,0
DA:446,0
DA:453,0
DA:454,0
DA:455,0
DA:457,0
DA:464,1
LF:179
LH:107
BRDA:19,0,0,1
BRDA:19,0,1,2
BRDA:44,1,0,1
BRDA:44,1,1,3
BRDA:48,2,0,1
BRDA:48,2,1,2
BRDA:54,3,0,1
BRDA:54,3,1,1
BRDA:72,4,0,1
BRDA:72,4,1,3
BRDA:76,5,0,1
BRDA:76,5,1,2
BRDA:95,6,0,2
BRDA:95,6,1,2
BRDA:95,7,0,4
BRDA:95,7,1,3
BRDA:101,8,0,1
BRDA:101,8,1,1
BRDA:117,9,0,1
BRDA:117,9,1,2
BRDA:135,10,0,1
BRDA:135,10,1,3
BRDA:141,11,0,1
BRDA:141,11,1,2
BRDA:165,12,0,1
BRDA:165,12,1,3
BRDA:169,13,0,1
BRDA:169,13,1,2
BRDA:178,14,0,1
BRDA:178,14,1,1
BRDA:191,15,0,1
BRDA:191,15,1,0
BRDA:224,16,0,0
BRDA:224,16,1,0
BRDA:224,17,0,0
BRDA:224,17,1,0
BRDA:242,18,0,1
BRDA:242,18,1,3
BRDA:260,19,0,1
BRDA:260,19,1,2
BRDA:264,20,0,1
BRDA:264,20,1,1
BRDA:264,21,0,2
BRDA:264,21,1,2
BRDA:269,22,0,0
BRDA:269,22,1,1
BRDA:289,23,0,0
BRDA:289,23,1,0
BRDA:301,24,0,0
BRDA:301,24,1,0
BRDA:323,25,0,0
BRDA:323,25,1,0
BRDA:327,26,0,0
BRDA:327,26,1,0
BRDA:327,27,0,0
BRDA:327,27,1,0
BRDA:337,28,0,0
BRDA:337,28,1,0
BRDA:341,29,0,0
BRDA:341,29,1,0
BRDA:345,30,0,0
BRDA:345,30,1,0
BRDA:363,31,0,0
BRDA:363,31,1,0
BRDA:372,32,0,0
BRDA:372,32,1,0
BRDA:404,33,0,0
BRDA:404,33,1,0
BRDA:408,34,0,0
BRDA:408,34,1,0
BRDA:433,35,0,0
BRDA:433,35,1,0
BRDA:437,36,0,0
BRDA:437,36,1,0
BRDA:441,37,0,0
BRDA:441,37,1,0
BRF:76
BRH:40
end_of_record
TN:
SF:validation\validation.ts
FN:17,(anonymous_0)
FN:23,(anonymous_1)
FN:30,(anonymous_2)
FN:36,(anonymous_3)
FN:42,(anonymous_4)
FN:48,(anonymous_5)
FN:105,(anonymous_6)
FNF:7
FNH:4
FNDA:0,(anonymous_0)
FNDA:2,(anonymous_1)
FNDA:3,(anonymous_2)
FNDA:0,(anonymous_3)
FNDA:0,(anonymous_4)
FNDA:2,(anonymous_5)
FNDA:10,(anonymous_6)
DA:2,1
DA:4,1
DA:9,1
DA:17,1
DA:23,2
DA:30,3
DA:36,1
DA:42,1
DA:48,2
DA:54,1
DA:59,1
DA:80,1
DA:93,1
DA:99,1
DA:105,1
DA:106,10
DA:107,10
DA:108,7
DA:113,3
LF:19
LH:19
BRDA:17,0,0,0
BRDA:23,1,0,2
BRDA:30,2,0,1
BRDA:107,3,0,7
BRDA:107,3,1,3
BRF:5
BRH:4
end_of_record
